SF:lib/image_picker_ios.dart
DA:12,1
DA:14,1
DA:16,1
DA:25,0
DA:29,1
DA:31,1
DA:33,1
DA:42,0
DA:48,1
DA:49,1
DA:54,1
DA:55,2
DA:58,1
DA:66,1
DA:68,1
DA:75,1
DA:78,1
DA:83,1
DA:87,1
DA:90,1
DA:96,1
DA:97,1
DA:98,1
DA:107,1
DA:111,4
DA:114,1
DA:118,1
DA:119,4
DA:122,1
DA:125,2
DA:126,2
DA:127,1
DA:134,2
DA:135,1
DA:136,1
DA:139,2
DA:140,1
DA:141,1
DA:144,1
DA:145,1
DA:146,1
DA:149,2
DA:150,1
DA:152,2
DA:157,1
DA:161,1
DA:162,2
DA:163,1
DA:170,1
DA:171,1
DA:172,1
DA:173,1
DA:176,1
DA:177,1
DA:180,2
DA:181,1
DA:182,1
DA:183,2
DA:185,1
DA:187,1
DA:191,1
DA:194,1
DA:196,2
DA:198,4
DA:201,1
DA:202,1
DA:203,1
DA:204,1
DA:206,2
DA:207,0
DA:214,1
DA:215,0
DA:218,1
DA:219,0
DA:222,1
DA:225,1
DA:228,1
DA:229,1
DA:232,1
DA:233,1
DA:236,1
DA:243,1
DA:244,1
DA:247,1
DA:249,2
DA:250,2
DA:251,1
DA:252,1
DA:256,1
DA:262,1
DA:267,1
DA:270,1
DA:275,2
DA:276,1
DA:277,1
DA:278,1
DA:280,1
DA:284,1
DA:292,1
DA:294,1
DA:301,1
DA:304,1
DA:310,1
DA:311,1
DA:312,1
DA:321,1
DA:325,4
DA:328,1
DA:334,1
DA:339,1
DA:342,1
DA:346,2
DA:347,2
DA:348,1
DA:349,4
LF:115
LH:110
end_of_record
SF:lib/src/messages.g.dart
DA:15,0
DA:21,0
DA:23,0
DA:25,0
DA:26,0
DA:27,0
DA:28,0
DA:29,0
DA:31,0
DA:32,0
DA:37,0
DA:40,0
DA:44,0
DA:45,0
DA:48,0
DA:50,0
DA:51,0
DA:52,0
DA:53,0
DA:55,0
DA:56,0
DA:59,0
DA:61,0
DA:62,0
DA:63,0
DA:77,0
DA:80,0
DA:81,0
DA:82,0
DA:84,0
DA:86,0
DA:87,0
DA:91,0
DA:93,0
DA:95,0
DA:97,0
DA:99,0
DA:114,1
DA:123,0
DA:124,0
DA:125,0
DA:126,0
DA:130,0
DA:131,0
DA:133,0
DA:135,0
DA:136,0
DA:137,0
DA:141,0
DA:144,0
DA:150,0
DA:153,0
DA:155,0
DA:159,1
DA:177,0
DA:178,0
DA:179,0
DA:180,0
DA:181,0
DA:182,0
DA:183,0
DA:187,0
DA:188,0
DA:190,0
DA:192,0
DA:193,0
DA:194,0
DA:195,0
DA:196,0
DA:197,0
DA:201,0
DA:204,0
DA:210,0
DA:213,0
DA:215,0
DA:219,1
DA:228,0
DA:229,0
DA:230,0
DA:231,0
DA:235,0
DA:236,0
DA:238,0
DA:240,0
DA:241,0
DA:242,0
DA:246,0
DA:249,0
DA:255,0
DA:258,0
DA:260,0
DA:265,1
DA:266,0
DA:268,0
DA:269,0
DA:270,0
DA:271,0
DA:272,0
DA:273,0
DA:274,0
DA:275,0
DA:276,0
DA:277,0
DA:278,0
DA:279,0
DA:280,0
DA:281,0
DA:282,0
DA:283,0
DA:284,0
DA:285,0
DA:287,0
DA:291,0
DA:294,0
DA:295,0
DA:296,0
DA:297,0
DA:298,0
DA:299,0
DA:300,0
DA:301,0
DA:302,0
DA:303,0
DA:304,0
DA:305,0
DA:307,0
DA:316,1
DA:318,1
DA:325,0
DA:326,0
DA:327,0
DA:330,0
DA:332,0
DA:335,0
DA:344,0
DA:345,0
DA:346,0
DA:349,0
DA:351,0
DA:354,0
DA:360,0
DA:363,0
DA:364,0
DA:365,0
DA:368,0
DA:370,0
DA:373,0
DA:382,0
DA:383,0
DA:384,0
DA:387,0
DA:389,0
DA:392,0
DA:398,0
DA:402,0
DA:403,0
DA:404,0
DA:407,0
DA:409,0
DA:412,0
DA:418,0
LF:161
LH:6
end_of_record
