SF:lib/image_picker_ios.dart
DA:12,1
DA:14,1
DA:16,1
DA:25,0
DA:29,1
DA:31,1
DA:33,1
DA:42,0
DA:48,1
DA:49,1
DA:54,1
DA:55,2
DA:58,1
DA:66,1
DA:68,1
DA:75,1
DA:78,1
DA:83,1
DA:87,1
DA:90,1
DA:96,1
DA:97,1
DA:98,1
DA:107,1
DA:111,4
DA:114,1
DA:118,1
DA:119,4
DA:122,1
DA:125,2
DA:126,2
DA:127,1
DA:134,2
DA:135,1
DA:136,1
DA:139,2
DA:140,1
DA:141,1
DA:144,1
DA:145,1
DA:146,1
DA:149,2
DA:150,1
DA:152,2
DA:157,1
DA:161,1
DA:162,2
DA:163,1
DA:170,1
DA:171,1
DA:172,1
DA:173,1
DA:176,1
DA:177,1
DA:180,2
DA:181,1
DA:182,1
DA:183,2
DA:185,1
DA:187,1
DA:191,1
DA:194,1
DA:196,2
DA:198,4
DA:201,1
DA:202,1
DA:203,1
DA:204,1
DA:206,2
DA:207,0
DA:214,1
DA:215,0
DA:218,1
DA:219,0
DA:222,1
DA:225,1
DA:228,1
DA:229,1
DA:232,1
DA:233,1
DA:236,1
DA:243,1
DA:244,1
DA:247,1
DA:249,2
DA:250,2
DA:251,1
DA:252,1
DA:256,1
DA:262,1
DA:267,1
DA:270,1
DA:275,2
DA:276,1
DA:277,1
DA:278,1
DA:280,1
DA:284,1
DA:292,1
DA:294,1
DA:301,1
DA:304,1
DA:310,1
DA:311,1
DA:312,1
DA:321,1
DA:325,4
DA:328,1
DA:334,1
DA:339,1
DA:342,1
DA:346,2
DA:347,2
DA:348,1
DA:349,4
LF:115
LH:110
end_of_record
SF:lib/src/messages.g.dart
DA:15,1
DA:21,1
DA:23,1
DA:25,2
DA:26,1
DA:27,1
DA:28,1
DA:29,1
DA:31,2
DA:32,1
DA:37,1
DA:40,1
DA:44,2
DA:45,2
DA:48,1
DA:50,1
DA:51,0
DA:52,0
DA:53,0
DA:55,1
DA:56,0
DA:59,0
DA:61,0
DA:62,0
DA:63,0
DA:77,1
DA:80,1
DA:81,1
DA:82,2
DA:84,1
DA:86,0
DA:87,0
DA:91,2
DA:93,1
DA:95,2
DA:97,1
DA:99,1
DA:114,1
DA:123,1
DA:124,1
DA:125,1
DA:126,1
DA:130,1
DA:131,1
DA:133,1
DA:135,1
DA:136,1
DA:137,1
DA:141,1
DA:144,4
DA:150,6
DA:153,1
DA:155,4
DA:159,1
DA:177,1
DA:178,1
DA:179,1
DA:180,1
DA:181,1
DA:182,1
DA:183,1
DA:187,1
DA:188,1
DA:190,1
DA:192,1
DA:193,1
DA:194,1
DA:195,1
DA:196,1
DA:197,1
DA:201,1
DA:204,4
DA:210,15
DA:213,1
DA:215,4
DA:219,1
DA:228,1
DA:229,1
DA:230,1
DA:231,1
DA:235,1
DA:236,1
DA:238,1
DA:240,1
DA:241,1
DA:242,1
DA:246,1
DA:249,4
DA:255,6
DA:258,1
DA:260,4
DA:265,1
DA:266,1
DA:268,1
DA:269,1
DA:270,1
DA:271,1
DA:272,1
DA:273,2
DA:274,1
DA:275,1
DA:276,2
DA:277,1
DA:278,1
DA:279,2
DA:280,1
DA:281,1
DA:282,2
DA:283,1
DA:284,1
DA:285,2
DA:287,1
DA:291,1
DA:294,1
DA:295,1
DA:296,1
DA:297,1
DA:298,1
DA:299,1
DA:300,1
DA:301,2
DA:302,1
DA:303,2
DA:304,1
DA:305,2
DA:307,1
DA:316,1
DA:318,2
DA:325,1
DA:326,2
DA:327,1
DA:330,1
DA:332,2
DA:335,1
DA:344,1
DA:345,2
DA:346,1
DA:349,1
DA:351,2
DA:354,1
DA:360,1
DA:363,1
DA:364,2
DA:365,1
DA:368,1
DA:370,2
DA:373,1
DA:382,1
DA:383,2
DA:384,1
DA:387,1
DA:389,2
DA:392,1
DA:398,1
DA:402,1
DA:403,2
DA:404,1
DA:407,1
DA:409,2
DA:412,1
DA:418,1
LF:161
LH:151
end_of_record
