SF:lib/src/dart/binary.dart
DA:41,1
DA:42,1
DA:43,1
DA:44,1
DA:45,2
DA:67,2
DA:68,10
DA:69,2
DA:70,2
DA:71,2
DA:85,2
DA:86,2
DA:87,2
DA:88,2
DA:89,4
DA:254,2
DA:255,10
DA:256,2
DA:257,2
DA:258,2
DA:295,2
DA:301,10
DA:303,2
DA:304,10
DA:305,3
DA:307,4
DA:310,2
DA:311,2
DA:312,2
DA:313,4
DA:316,2
DA:317,2
DA:318,2
DA:319,4
DA:322,1
DA:323,1
DA:324,1
DA:325,2
DA:328,2
DA:329,2
DA:330,2
DA:331,2
DA:332,14
DA:335,1
DA:336,3
DA:337,1
DA:339,1
DA:340,1
DA:341,1
DA:342,1
DA:344,5
DA:349,2
DA:350,2
DA:351,2
DA:354,2
DA:355,2
DA:357,4
DA:358,2
DA:359,2
DA:365,1
DA:366,1
DA:367,1
DA:370,1
DA:373,1
DA:374,1
DA:375,1
DA:376,1
DA:377,1
DA:379,2
DA:380,1
DA:381,1
DA:385,1
DA:388,2
DA:390,2
DA:392,2
DA:394,2
DA:395,2
DA:396,2
DA:397,1
DA:398,2
DA:399,1
DA:400,2
DA:401,4
DA:402,2
DA:403,2
DA:404,5
DA:408,2
DA:409,2
DA:410,4
DA:413,2
DA:415,2
DA:416,3
DA:417,2
DA:418,1
DA:419,2
DA:420,2
DA:421,2
DA:422,2
DA:423,2
DA:424,3
DA:425,2
DA:426,2
DA:427,2
DA:428,4
DA:429,2
DA:430,1
DA:431,2
DA:432,4
DA:434,4
DA:438,2
DA:439,2
DA:440,2
DA:443,2
DA:444,2
DA:445,6
DA:448,2
DA:449,2
DA:450,4
DA:451,2
DA:454,2
DA:455,1
DA:457,2
DA:458,2
DA:461,5
DA:463,2
DA:466,2
DA:467,8
DA:470,2
DA:471,12
DA:474,2
DA:475,8
DA:478,2
DA:479,6
DA:482,2
DA:483,6
DA:484,2
DA:486,4
DA:487,2
DA:488,2
DA:489,2
DA:494,2
DA:496,6
DA:497,6
DA:511,2
DA:513,6
DA:514,18
DA:518,2
DA:519,4
DA:520,6
DA:523,2
DA:524,2
DA:525,4
DA:526,4
DA:529,2
DA:530,4
DA:531,4
DA:532,2
DA:533,2
DA:537,2
DA:538,2
DA:539,4
DA:540,2
DA:541,1
DA:542,2
DA:543,1
DA:545,3
DA:549,2
DA:550,2
DA:551,2
DA:552,2
DA:553,2
DA:554,2
DA:555,2
DA:556,2
DA:557,3
DA:558,2
DA:559,2
DA:560,2
DA:561,1
DA:562,2
DA:563,2
DA:564,1
DA:566,2
DA:570,1
DA:571,2
DA:574,2
DA:575,2
DA:576,2
DA:577,2
DA:578,2
DA:579,2
DA:580,4
DA:581,4
DA:582,6
DA:583,2
DA:584,2
DA:585,3
DA:586,3
DA:587,2
DA:588,2
DA:589,3
DA:590,3
DA:591,2
DA:592,2
DA:593,2
DA:594,3
DA:595,3
DA:596,2
DA:597,2
DA:598,3
DA:599,3
DA:600,2
DA:601,2
DA:602,2
DA:603,3
DA:604,2
DA:605,2
DA:606,2
DA:607,3
DA:608,3
DA:610,2
DA:612,1
DA:614,1
DA:616,2
DA:617,2
DA:618,1
DA:619,3
DA:620,3
DA:621,2
DA:623,4
DA:624,4
DA:628,2
DA:629,4
DA:630,4
DA:631,4
DA:632,2
DA:633,3
DA:635,2
DA:637,4
DA:641,2
DA:642,4
DA:643,4
DA:644,8
DA:645,8
DA:649,2
DA:650,4
DA:651,4
DA:654,2
DA:655,6
DA:656,4
LF:250
LH:250
end_of_record
SF:lib/src/dart/model.dart
DA:37,20
DA:40,8
DA:44,24
DA:47,24
DA:48,24
DA:67,17
DA:72,8
DA:74,24
DA:77,8
DA:78,24
DA:81,7
DA:82,14
DA:84,5
DA:85,10
DA:87,1
DA:89,4
DA:90,3
DA:93,5
DA:94,1
DA:98,6
DA:99,5
DA:109,12
DA:117,5
DA:119,15
DA:122,5
DA:123,27
DA:126,7
DA:127,21
DA:129,2
DA:130,6
DA:132,1
DA:134,3
DA:135,1
DA:138,3
DA:147,9
DA:149,2
DA:169,6
DA:181,2
DA:182,6
DA:193,5
DA:207,3
DA:208,9
DA:218,10
DA:232,2
DA:233,6
DA:242,7
DA:259,6
DA:265,2
DA:266,4
DA:269,2
DA:270,6
DA:289,5
DA:297,1
DA:298,4
DA:307,7
DA:323,2
DA:324,6
DA:327,2
DA:328,6
DA:336,12
DA:361,1
DA:362,4
DA:370,2
DA:371,4
DA:374,2
DA:375,8
DA:393,5
DA:419,1
DA:420,4
DA:423,1
DA:424,4
DA:436,6
DA:446,5
DA:452,2
DA:453,4
DA:456,2
DA:457,6
DA:474,5
DA:503,2
DA:504,8
DA:507,1
DA:508,4
DA:518,9
DA:530,9
DA:540,2
DA:541,6
DA:554,5
DA:562,2
DA:563,6
DA:574,10
DA:579,2
DA:580,4
DA:599,29
DA:618,2
DA:619,6
DA:626,10
DA:636,10
DA:649,2
DA:650,10
LF:99
LH:99
end_of_record
SF:lib/src/dart/text.dart
DA:167,3
DA:168,6
DA:169,3
DA:586,7
DA:587,14
DA:588,7
DA:602,7
DA:608,14
DA:624,1
DA:625,2
DA:629,8
DA:632,1
DA:633,2
DA:637,12
DA:640,1
DA:641,2
DA:645,14
DA:648,1
DA:649,1
DA:653,12
DA:656,1
DA:657,2
DA:661,7
DA:663,1
DA:682,1
DA:684,1
DA:685,3
DA:688,1
DA:689,4
DA:692,1
DA:693,4
DA:713,1
DA:714,4
DA:751,1
DA:752,2
DA:753,2
DA:754,1
DA:755,5
DA:757,4
DA:760,7
DA:761,14
DA:765,7
DA:766,7
DA:770,14
DA:771,6
DA:773,7
DA:774,7
DA:775,7
DA:778,7
DA:783,7
DA:785,7
DA:786,6
DA:788,7
DA:789,7
DA:791,7
DA:792,7
DA:793,7
DA:794,7
DA:795,7
DA:796,7
DA:797,7
DA:798,7
DA:799,7
DA:800,7
DA:801,7
DA:803,7
DA:804,10
DA:807,7
DA:808,12
DA:811,7
DA:812,6
DA:814,3
DA:816,7
DA:819,7
DA:822,7
DA:823,9
DA:825,5
DA:827,7
DA:828,7
DA:829,7
DA:830,7
DA:831,7
DA:832,7
DA:833,7
DA:834,7
DA:835,7
DA:836,12
DA:838,6
DA:840,7
DA:841,7
DA:842,7
DA:843,7
DA:844,7
DA:845,7
DA:846,7
DA:847,7
DA:848,7
DA:849,7
DA:850,7
DA:851,7
DA:852,7
DA:853,7
DA:854,7
DA:855,7
DA:856,7
DA:857,7
DA:858,7
DA:859,7
DA:860,7
DA:861,7
DA:862,7
DA:863,7
DA:864,7
DA:865,7
DA:866,7
DA:867,7
DA:868,7
DA:869,7
DA:870,7
DA:871,7
DA:872,7
DA:873,7
DA:874,7
DA:875,7
DA:876,7
DA:877,7
DA:878,7
DA:879,7
DA:880,7
DA:881,7
DA:882,7
DA:883,7
DA:884,7
DA:885,7
DA:886,7
DA:887,7
DA:888,7
DA:889,2
DA:890,2
DA:891,1
DA:892,1
DA:893,14
DA:895,7
DA:898,3
DA:902,7
DA:903,15
DA:905,3
DA:906,1
DA:907,3
DA:908,3
DA:909,3
DA:910,2
DA:911,2
DA:912,1
DA:913,1
DA:914,1
DA:915,1
DA:916,1
DA:918,3
DA:921,3
DA:925,7
DA:926,22
DA:928,4
DA:929,1
DA:930,1
DA:932,4
DA:933,4
DA:934,2
DA:935,2
DA:938,4
DA:939,4
DA:940,4
DA:941,4
DA:942,4
DA:943,4
DA:944,4
DA:945,4
DA:946,4
DA:947,4
DA:948,2
DA:949,2
DA:950,2
DA:953,4
DA:955,4
DA:957,3
DA:958,3
DA:959,3
DA:960,3
DA:961,3
DA:962,3
DA:963,3
DA:964,3
DA:965,3
DA:966,3
DA:968,1
DA:970,3
DA:971,3
DA:973,1
DA:975,3
DA:976,3
DA:978,3
DA:981,3
DA:985,7
DA:987,3
DA:988,3
DA:989,1
DA:991,3
DA:992,3
DA:993,3
DA:994,1
DA:997,3
DA:998,3
DA:999,3
DA:1000,3
DA:1001,3
DA:1002,3
DA:1003,3
DA:1004,3
DA:1005,3
DA:1006,3
DA:1007,3
DA:1008,1
DA:1009,1
DA:1012,3
DA:1014,3
DA:1016,2
DA:1017,1
DA:1018,1
DA:1019,1
DA:1020,1
DA:1021,1
DA:1022,1
DA:1023,1
DA:1024,1
DA:1025,1
DA:1027,2
DA:1029,1
DA:1030,1
DA:1032,1
DA:1035,3
DA:1039,7
DA:1041,6
DA:1042,3
DA:1043,1
DA:1044,1
DA:1046,6
DA:1047,6
DA:1048,9
DA:1049,3
DA:1052,6
DA:1053,6
DA:1054,6
DA:1055,6
DA:1056,6
DA:1057,6
DA:1058,6
DA:1059,6
DA:1060,6
DA:1061,6
DA:1062,12
DA:1063,4
DA:1064,4
DA:1067,6
DA:1069,6
DA:1071,6
DA:1072,5
DA:1073,5
DA:1074,5
DA:1075,5
DA:1076,5
DA:1077,4
DA:1078,3
DA:1079,2
DA:1080,2
DA:1081,6
DA:1083,1
DA:1084,1
DA:1086,1
DA:1089,3
DA:1093,7
DA:1095,2
DA:1096,3
DA:1097,1
DA:1098,1
DA:1100,2
DA:1101,2
DA:1102,6
DA:1103,2
DA:1106,2
DA:1107,2
DA:1108,2
DA:1109,2
DA:1110,2
DA:1111,2
DA:1112,2
DA:1113,2
DA:1114,2
DA:1115,2
DA:1116,6
DA:1117,2
DA:1118,2
DA:1121,2
DA:1122,3
DA:1123,1
DA:1126,1
DA:1127,1
DA:1128,1
DA:1129,1
DA:1130,1
DA:1131,1
DA:1132,1
DA:1133,1
DA:1134,1
DA:1135,1
DA:1136,1
DA:1139,3
DA:1143,7
DA:1145,6
DA:1146,1
DA:1147,6
DA:1148,4
DA:1149,4
DA:1150,3
DA:1151,3
DA:1152,3
DA:1153,3
DA:1154,3
DA:1155,3
DA:1156,2
DA:1158,6
DA:1161,3
DA:1165,7
DA:1167,6
DA:1168,3
DA:1169,1
DA:1171,6
DA:1172,6
DA:1173,9
DA:1174,3
DA:1177,6
DA:1178,6
DA:1179,6
DA:1180,5
DA:1181,5
DA:1182,5
DA:1183,5
DA:1184,5
DA:1185,3
DA:1186,3
DA:1187,15
DA:1188,5
DA:1189,5
DA:1192,3
DA:1193,3
DA:1194,3
DA:1195,3
DA:1196,3
DA:1197,3
DA:1198,2
DA:1199,2
DA:1200,2
DA:1201,2
DA:1202,3
DA:1204,1
DA:1205,1
DA:1207,1
DA:1210,3
DA:1214,7
DA:1216,1
DA:1217,1
DA:1218,1
DA:1220,1
DA:1222,1
DA:1223,1
DA:1224,1
DA:1225,1
DA:1226,1
DA:1227,1
DA:1228,1
DA:1229,1
DA:1230,1
DA:1231,1
DA:1233,1
DA:1236,3
DA:1240,7
DA:1242,1
DA:1243,1
DA:1244,1
DA:1245,1
DA:1246,1
DA:1247,1
DA:1248,1
DA:1249,1
DA:1250,1
DA:1251,1
DA:1252,1
DA:1253,1
DA:1255,1
DA:1258,3
DA:1262,7
DA:1264,1
DA:1265,3
DA:1266,1
DA:1268,1
DA:1269,1
DA:1270,3
DA:1271,1
DA:1274,1
DA:1275,1
DA:1276,1
DA:1277,1
DA:1278,1
DA:1279,1
DA:1280,1
DA:1281,1
DA:1282,1
DA:1283,1
DA:1284,3
DA:1285,1
DA:1286,1
DA:1289,1
DA:1290,1
DA:1291,1
DA:1292,1
DA:1293,1
DA:1294,1
DA:1295,1
DA:1296,1
DA:1297,1
DA:1298,1
DA:1299,1
DA:1302,3
DA:1306,7
DA:1308,3
DA:1309,1
DA:1310,3
DA:1311,3
DA:1312,3
DA:1313,3
DA:1314,3
DA:1315,3
DA:1316,3
DA:1317,3
DA:1318,3
DA:1319,3
DA:1320,3
DA:1321,3
DA:1322,3
DA:1323,3
DA:1324,3
DA:1325,3
DA:1326,1
DA:1327,1
DA:1328,1
DA:1329,1
DA:1330,1
DA:1331,1
DA:1333,3
DA:1336,3
DA:1340,7
DA:1342,3
DA:1343,3
DA:1344,1
DA:1346,3
DA:1347,3
DA:1348,9
DA:1349,3
DA:1352,3
DA:1353,3
DA:1354,3
DA:1355,3
DA:1356,3
DA:1357,3
DA:1358,3
DA:1359,3
DA:1360,3
DA:1361,3
DA:1362,6
DA:1363,2
DA:1364,2
DA:1367,3
DA:1368,3
DA:1369,3
DA:1370,3
DA:1371,3
DA:1372,3
DA:1373,3
DA:1374,3
DA:1375,3
DA:1376,3
DA:1377,3
DA:1378,3
DA:1379,3
DA:1380,3
DA:1381,3
DA:1382,3
DA:1383,1
DA:1384,1
DA:1385,1
DA:1386,1
DA:1387,1
DA:1388,1
DA:1389,3
DA:1392,3
DA:1396,7
DA:1398,3
DA:1399,1
DA:1400,1
DA:1402,3
DA:1403,3
DA:1404,1
DA:1407,3
DA:1408,1
DA:1409,2
DA:1412,3
DA:1413,1
DA:1414,2
DA:1417,3
DA:1418,3
DA:1419,3
DA:1420,3
DA:1421,3
DA:1422,3
DA:1423,3
DA:1424,3
DA:1425,3
DA:1426,3
DA:1427,1
DA:1428,1
DA:1430,3
DA:1433,3
DA:1434,3
DA:1435,3
DA:1436,3
DA:1437,3
DA:1438,3
DA:1439,3
DA:1440,3
DA:1441,3
DA:1442,3
DA:1443,2
DA:1444,4
DA:1446,2
DA:1448,3
DA:1449,3
DA:1450,3
DA:1451,3
DA:1452,3
DA:1453,3
DA:1454,3
DA:1455,3
DA:1456,3
DA:1457,3
DA:1458,3
DA:1459,3
DA:1460,3
DA:1461,3
DA:1462,3
DA:1463,3
DA:1464,3
DA:1465,3
DA:1466,3
DA:1467,3
DA:1468,3
DA:1469,3
DA:1470,3
DA:1471,3
DA:1472,3
DA:1473,3
DA:1474,3
DA:1475,3
DA:1476,3
DA:1477,3
DA:1478,3
DA:1479,3
DA:1480,3
DA:1481,3
DA:1482,3
DA:1483,3
DA:1484,3
DA:1485,3
DA:1486,3
DA:1487,3
DA:1488,3
DA:1489,3
DA:1490,3
DA:1491,3
DA:1492,3
DA:1493,2
DA:1494,2
DA:1495,2
DA:1496,1
DA:1497,1
DA:1498,1
DA:1499,1
DA:1500,1
DA:1501,3
DA:1502,6
DA:1504,3
DA:1507,3
DA:1511,7
DA:1513,3
DA:1514,1
DA:1515,3
DA:1516,3
DA:1520,3
DA:1524,7
DA:1526,7
DA:1527,2
DA:1528,1
DA:1530,7
DA:1531,7
DA:1532,14
DA:1533,7
DA:1536,7
DA:1537,7
DA:1538,7
DA:1539,7
DA:1540,7
DA:1541,7
DA:1542,7
DA:1543,7
DA:1544,7
DA:1545,7
DA:1546,14
DA:1547,7
DA:1548,7
DA:1551,7
DA:1552,6
DA:1553,3
DA:1556,7
DA:1557,7
DA:1558,7
DA:1559,7
DA:1560,7
DA:1561,7
DA:1562,7
DA:1563,7
DA:1564,7
DA:1565,7
DA:1566,7
DA:1567,7
DA:1568,7
DA:1569,7
DA:1570,7
DA:1571,7
DA:1572,7
DA:1573,7
DA:1574,7
DA:1575,7
DA:1576,7
DA:1577,7
DA:1578,7
DA:1579,7
DA:1580,7
DA:1581,7
DA:1582,7
DA:1583,7
DA:1584,7
DA:1585,7
DA:1586,7
DA:1587,7
DA:1588,7
DA:1589,7
DA:1590,7
DA:1591,7
DA:1592,7
DA:1593,7
DA:1594,7
DA:1595,7
DA:1596,7
DA:1597,7
DA:1598,7
DA:1599,7
DA:1600,7
DA:1601,7
DA:1602,7
DA:1603,7
DA:1604,7
DA:1605,7
DA:1606,7
DA:1607,7
DA:1608,7
DA:1609,7
DA:1610,7
DA:1611,7
DA:1612,6
DA:1613,6
DA:1614,6
DA:1615,6
DA:1616,6
DA:1617,6
DA:1618,1
DA:1619,7
DA:1622,3
DA:1626,6
DA:1628,6
DA:1629,1
DA:1630,6
DA:1631,1
DA:1632,6
DA:1633,12
DA:1634,6
DA:1637,6
DA:1641,6
DA:1645,6
DA:1647,1
DA:1648,1
DA:1649,1
DA:1650,1
DA:1651,1
DA:1652,1
DA:1653,1
DA:1656,1
DA:1657,1
DA:1660,1
DA:1661,1
DA:1664,1
DA:1665,1
DA:1668,1
DA:1669,1
DA:1672,1
DA:1673,1
DA:1676,1
DA:1677,2
DA:1681,3
DA:1685,6
DA:1687,1
DA:1688,1
DA:1689,1
DA:1690,1
DA:1691,1
DA:1692,1
DA:1693,1
DA:1694,1
DA:1695,1
DA:1696,1
DA:1697,1
DA:1698,1
DA:1699,1
DA:1700,1
DA:1701,1
DA:1702,1
DA:1703,1
DA:1704,1
DA:1705,1
DA:1706,1
DA:1707,1
DA:1708,1
DA:1709,1
DA:1710,1
DA:1711,1
DA:1715,3
DA:1719,6
DA:1721,1
DA:1722,1
DA:1723,1
DA:1724,1
DA:1725,1
DA:1726,1
DA:1727,1
DA:1728,1
DA:1729,1
DA:1730,1
DA:1731,1
DA:1732,1
DA:1733,1
DA:1734,1
DA:1735,1
DA:1736,1
DA:1737,1
DA:1738,1
DA:1739,1
DA:1740,1
DA:1741,1
DA:1742,1
DA:1743,1
DA:1744,1
DA:1745,1
DA:1749,3
DA:1753,6
DA:1755,1
DA:1756,1
DA:1757,1
DA:1758,1
DA:1759,1
DA:1760,1
DA:1761,1
DA:1762,1
DA:1763,1
DA:1764,1
DA:1765,1
DA:1766,1
DA:1767,1
DA:1768,1
DA:1769,1
DA:1770,1
DA:1771,1
DA:1772,1
DA:1773,1
DA:1774,1
DA:1775,1
DA:1776,1
DA:1777,1
DA:1778,1
DA:1779,1
DA:1783,3
DA:1787,6
DA:1789,1
DA:1790,1
DA:1791,1
DA:1792,1
DA:1793,1
DA:1794,1
DA:1795,1
DA:1796,1
DA:1797,1
DA:1798,1
DA:1799,1
DA:1800,1
DA:1801,1
DA:1802,1
DA:1803,1
DA:1804,1
DA:1805,1
DA:1806,1
DA:1807,1
DA:1808,1
DA:1809,1
DA:1810,1
DA:1811,1
DA:1812,1
DA:1813,1
DA:1814,3
DA:1815,1
DA:1819,3
DA:1823,6
DA:1825,5
DA:1826,1
DA:1827,5
DA:1828,1
DA:1829,5
DA:1830,10
DA:1831,5
DA:1834,5
DA:1838,5
DA:1842,6
DA:1844,1
DA:1845,1
DA:1846,1
DA:1847,1
DA:1848,1
DA:1849,1
DA:1850,1
DA:1853,1
DA:1854,1
DA:1857,1
DA:1858,1
DA:1861,1
DA:1862,1
DA:1865,1
DA:1866,1
DA:1869,1
DA:1870,1
DA:1873,1
DA:1874,2
DA:1878,3
DA:1882,6
DA:1884,1
DA:1885,1
DA:1886,1
DA:1887,1
DA:1888,1
DA:1889,1
DA:1890,1
DA:1891,1
DA:1892,1
DA:1893,1
DA:1894,1
DA:1895,1
DA:1896,1
DA:1897,1
DA:1898,1
DA:1899,1
DA:1900,1
DA:1901,1
DA:1902,1
DA:1903,1
DA:1904,1
DA:1905,1
DA:1906,1
DA:1907,1
DA:1908,1
DA:1912,3
DA:1916,6
DA:1918,1
DA:1919,1
DA:1920,1
DA:1921,1
DA:1922,1
DA:1923,1
DA:1924,1
DA:1925,1
DA:1926,1
DA:1927,1
DA:1928,1
DA:1929,1
DA:1930,1
DA:1931,1
DA:1932,1
DA:1933,1
DA:1934,1
DA:1935,1
DA:1936,1
DA:1937,1
DA:1938,1
DA:1939,1
DA:1940,1
DA:1941,1
DA:1942,1
DA:1946,3
DA:1950,6
DA:1952,1
DA:1953,1
DA:1954,1
DA:1955,1
DA:1956,1
DA:1957,1
DA:1958,1
DA:1959,1
DA:1960,1
DA:1961,1
DA:1962,1
DA:1963,1
DA:1964,1
DA:1965,1
DA:1966,1
DA:1967,1
DA:1968,1
DA:1969,1
DA:1970,1
DA:1971,1
DA:1972,1
DA:1973,1
DA:1974,1
DA:1975,1
DA:1976,1
DA:1980,3
DA:1984,6
DA:1986,1
DA:1987,1
DA:1988,1
DA:1989,1
DA:1990,1
DA:1991,1
DA:1992,1
DA:1993,1
DA:1994,1
DA:1995,1
DA:1996,1
DA:1997,1
DA:1998,1
DA:1999,1
DA:2000,1
DA:2001,1
DA:2002,1
DA:2003,1
DA:2004,1
DA:2005,1
DA:2006,1
DA:2007,1
DA:2008,1
DA:2009,1
DA:2010,1
DA:2011,3
DA:2012,1
DA:2016,3
DA:2020,6
DA:2022,6
DA:2023,1
DA:2025,6
DA:2026,6
DA:2029,6
DA:2030,6
DA:2031,6
DA:2032,3
DA:2033,3
DA:2034,3
DA:2035,3
DA:2036,3
DA:2037,1
DA:2038,1
DA:2039,6
DA:2042,1
DA:2046,3
DA:2050,4
DA:2052,4
DA:2053,1
DA:2054,4
DA:2058,3
DA:2062,4
DA:2064,4
DA:2065,1
DA:2067,3
DA:2076,7
DA:2087,21
DA:2091,7
DA:2092,21
DA:2093,14
DA:2094,14
DA:2097,7
DA:2098,21
DA:2099,28
DA:2102,7
DA:2103,21
DA:2104,3
DA:2106,28
DA:2107,3
DA:2109,7
DA:2112,7
DA:2113,21
DA:2114,3
DA:2116,21
DA:2117,7
DA:2121,6
DA:2122,18
DA:2123,3
DA:2125,18
DA:2126,6
DA:2130,7
DA:2131,21
DA:2132,28
DA:2135,7
DA:2136,7
DA:2137,1
DA:2143,7
DA:2144,21
DA:2145,5
DA:2147,28
DA:2148,5
DA:2150,7
DA:2153,7
DA:2154,21
DA:2155,7
DA:2157,3
DA:2160,6
DA:2161,6
DA:2162,6
DA:2163,6
DA:2167,7
DA:2168,7
DA:2169,21
DA:2170,6
DA:2171,6
DA:2172,4
DA:2174,6
DA:2175,6
DA:2176,6
DA:2177,6
DA:2179,6
DA:2180,6
DA:2190,6
DA:2191,6
DA:2192,6
DA:2193,6
DA:2194,6
DA:2195,3
DA:2196,3
DA:2197,6
DA:2198,3
DA:2199,3
DA:2200,2
DA:2202,3
DA:2203,3
DA:2204,3
DA:2205,6
DA:2206,3
DA:2207,9
DA:2208,6
DA:2209,6
DA:2211,6
DA:2212,6
DA:2214,6
DA:2215,6
DA:2216,6
DA:2217,3
DA:2220,6
DA:2224,2
DA:2225,2
DA:2226,2
DA:2227,2
DA:2228,6
DA:2230,2
DA:2231,2
DA:2232,3
DA:2235,2
DA:2237,2
DA:2238,2
DA:2239,4
DA:2242,2
DA:2243,2
DA:2244,2
DA:2245,2
DA:2246,2
DA:2251,2
DA:2252,2
DA:2255,3
DA:2256,3
DA:2259,3
DA:2261,3
DA:2262,9
DA:2263,8
DA:2264,9
DA:2265,4
DA:2266,9
DA:2267,12
DA:2269,3
DA:2271,3
DA:2272,3
DA:2276,6
DA:2277,18
DA:2278,18
DA:2279,6
DA:2280,6
DA:2281,5
DA:2282,5
DA:2284,18
DA:2285,12
DA:2286,4
DA:2288,18
DA:2289,18
DA:2290,6
DA:2292,18
DA:2293,18
DA:2294,6
DA:2296,18
DA:2297,18
DA:2298,6
DA:2299,3
DA:2302,6
DA:2303,4
DA:2306,6
DA:2307,1
DA:2311,3
DA:2313,6
DA:2314,6
DA:2315,18
DA:2317,6
DA:2318,3
DA:2319,6
DA:2321,6
DA:2322,3
DA:2323,6
DA:2325,6
DA:2326,2
DA:2327,4
DA:2329,6
DA:2330,2
DA:2331,2
DA:2333,6
DA:2334,2
DA:2335,2
DA:2336,4
DA:2337,2
DA:2338,2
DA:2339,2
DA:2341,18
DA:2342,6
DA:2343,3
DA:2344,15
DA:2346,6
DA:2348,3
DA:2351,7
DA:2352,7
DA:2353,7
DA:2354,7
DA:2355,7
DA:2356,7
DA:2359,7
DA:2360,7
DA:2361,7
DA:2363,7
DA:2364,2
DA:2366,7
DA:2368,7
DA:2369,2
DA:2370,2
DA:2372,7
DA:2374,7
DA:2375,7
DA:2378,7
DA:2379,7
DA:2380,7
DA:2384,7
DA:2385,7
DA:2386,7
DA:2388,14
DA:2389,7
DA:2390,7
DA:2391,14
DA:2394,7
DA:2395,7
DA:2396,7
DA:2400,3
DA:2401,3
DA:2402,3
DA:2406,7
DA:2407,7
DA:2408,14
DA:2409,14
DA:2411,14
DA:2412,2
DA:2414,7
DA:2419,7
DA:2420,21
DA:2421,3
DA:2423,14
DA:2424,14
LF:1218
LH:1218
end_of_record
SF:lib/src/flutter/argument_decoders.dart
DA:29,1
DA:49,4
DA:50,5
DA:56,4
DA:57,5
DA:60,1
DA:61,6
DA:80,9
DA:93,3
DA:94,3
DA:97,3
DA:98,3
DA:99,3
DA:107,1
DA:110,1
DA:117,3
DA:118,3
DA:121,1
DA:122,3
DA:123,3
DA:124,3
DA:125,3
DA:141,1
DA:142,3
DA:146,3
DA:147,3
DA:148,3
DA:149,1
DA:169,2
DA:170,6
DA:174,3
DA:175,3
DA:176,3
DA:177,1
DA:193,1
DA:194,1
DA:197,1
DA:198,3
DA:199,3
DA:200,3
DA:212,1
DA:213,1
DA:216,1
DA:217,3
DA:218,3
DA:219,3
DA:220,3
DA:228,5
DA:229,5
DA:233,2
DA:256,1
DA:257,3
DA:259,1
DA:261,1
DA:263,1
DA:264,3
DA:268,1
DA:269,1
DA:270,1
DA:271,3
DA:272,3
DA:274,1
DA:277,2
DA:281,1
DA:286,3
DA:296,1
DA:297,1
DA:300,1
DA:301,3
DA:302,3
DA:303,3
DA:304,3
DA:305,3
DA:306,3
DA:307,3
DA:308,3
DA:309,3
DA:310,3
DA:311,3
DA:312,3
DA:313,3
DA:314,3
DA:315,3
DA:316,3
DA:317,3
DA:318,3
DA:319,3
DA:320,3
DA:332,1
DA:333,1
DA:344,4
DA:345,4
DA:347,4
DA:349,4
DA:351,4
DA:353,4
DA:355,4
DA:357,4
DA:359,4
DA:361,4
DA:363,4
DA:365,4
DA:367,4
DA:369,4
DA:371,4
DA:373,4
DA:375,4
DA:377,4
DA:379,4
DA:381,4
DA:383,4
DA:385,4
DA:387,4
DA:389,4
DA:391,4
DA:393,4
DA:395,4
DA:397,4
DA:399,4
DA:401,4
DA:403,4
DA:405,4
DA:407,4
DA:409,4
DA:411,4
DA:413,4
DA:415,4
DA:417,4
DA:419,4
DA:421,4
DA:423,4
DA:425,4
DA:427,4
DA:429,4
DA:433,2
DA:435,1
DA:438,4
DA:448,3
DA:478,4
DA:479,12
DA:481,4
DA:483,1
DA:484,1
DA:485,3
DA:486,3
DA:487,3
DA:488,3
DA:489,3
DA:490,3
DA:491,3
DA:492,3
DA:494,1
DA:495,1
DA:496,3
DA:497,3
DA:498,4
DA:500,1
DA:501,1
DA:502,3
DA:503,3
DA:504,3
DA:505,3
DA:506,3
DA:509,2
DA:513,1
DA:518,3
DA:533,1
DA:534,1
DA:538,1
DA:540,1
DA:541,6
DA:543,1
DA:546,3
DA:547,3
DA:548,3
DA:549,3
DA:550,3
DA:551,3
DA:562,1
DA:563,1
DA:571,4
DA:572,4
DA:574,4
DA:576,1
DA:591,4
DA:592,12
DA:596,9
DA:597,9
DA:598,9
DA:599,3
DA:619,5
DA:620,5
DA:624,9
DA:625,15
DA:626,3
DA:639,1
DA:640,7
DA:680,1
DA:681,3
DA:683,1
DA:685,1
DA:686,1
DA:687,3
DA:688,3
DA:689,3
DA:690,3
DA:691,3
DA:694,1
DA:695,1
DA:696,3
DA:697,3
DA:698,3
DA:699,3
DA:700,3
DA:701,3
DA:702,3
DA:705,1
DA:706,1
DA:707,3
DA:708,3
DA:709,4
DA:710,3
DA:711,3
DA:712,3
DA:716,2
DA:720,1
DA:725,3
DA:749,1
DA:750,3
DA:752,1
DA:754,1
DA:755,1
DA:756,3
DA:757,3
DA:758,3
DA:759,3
DA:760,3
DA:762,1
DA:763,1
DA:764,3
DA:765,3
DA:766,3
DA:767,3
DA:768,3
DA:771,2
DA:775,1
DA:780,3
DA:799,1
DA:800,3
DA:804,1
DA:806,3
DA:807,3
DA:818,2
DA:819,2
DA:822,1
DA:823,3
DA:824,3
DA:825,3
DA:846,2
DA:847,6
DA:851,4
DA:852,3
DA:854,1
DA:858,1
DA:859,1
DA:861,4
DA:865,6
DA:876,2
DA:877,2
DA:878,2
DA:881,2
DA:882,3
DA:900,4
DA:901,4
DA:905,1
DA:906,1
DA:909,2
DA:910,1
DA:912,2
DA:913,3
DA:916,4
DA:925,3
DA:926,9
DA:930,1
DA:931,3
DA:932,3
DA:933,3
DA:934,3
DA:935,3
DA:936,3
DA:937,3
DA:938,3
DA:939,3
DA:940,3
DA:941,3
DA:942,3
DA:943,3
DA:944,3
DA:945,3
DA:963,1
DA:964,3
DA:966,1
DA:968,1
DA:969,1
DA:970,3
DA:971,3
DA:974,2
DA:978,1
DA:983,3
DA:988,1
DA:989,3
DA:993,3
DA:997,1
DA:1025,1
DA:1026,1
DA:1029,1
DA:1030,3
DA:1032,1
DA:1034,3
DA:1036,1
DA:1038,3
DA:1040,1
DA:1042,3
DA:1044,1
DA:1054,3
DA:1056,1
DA:1058,3
DA:1060,1
DA:1062,3
DA:1064,1
DA:1098,2
DA:1099,6
DA:1103,3
DA:1104,1
DA:1114,2
DA:1115,2
DA:1118,3
DA:1119,3
DA:1120,3
DA:1121,3
DA:1122,1
DA:1168,2
DA:1169,2
DA:1171,5
DA:1173,6
DA:1175,2
DA:1177,1
DA:1178,3
DA:1179,1
DA:1180,1
DA:1181,3
DA:1182,3
DA:1184,1
DA:1185,1
DA:1186,3
DA:1188,1
DA:1189,1
DA:1190,3
DA:1191,3
DA:1193,1
DA:1194,1
DA:1195,3
DA:1196,3
DA:1198,1
DA:1199,1
DA:1200,3
DA:1203,2
DA:1207,1
DA:1212,3
DA:1228,1
DA:1229,3
DA:1231,1
DA:1233,1
DA:1234,1
DA:1235,1
DA:1236,2
DA:1237,3
DA:1238,2
DA:1241,2
DA:1245,1
DA:1250,3
DA:1259,1
DA:1260,1
DA:1273,4
DA:1274,4
DA:1277,1
DA:1278,3
DA:1279,3
DA:1280,3
DA:1281,3
DA:1282,3
DA:1283,3
DA:1284,3
DA:1285,3
DA:1286,3
DA:1299,4
DA:1300,4
DA:1303,1
DA:1304,3
DA:1305,3
DA:1306,3
DA:1322,1
DA:1323,1
DA:1325,1
DA:1327,2
DA:1328,1
DA:1330,1
DA:1332,1
DA:1356,4
DA:1357,4
DA:1360,1
DA:1361,3
DA:1362,3
DA:1363,3
DA:1364,3
DA:1365,3
DA:1366,3
DA:1367,3
DA:1368,2
DA:1369,3
DA:1370,3
DA:1371,3
DA:1372,3
DA:1373,3
DA:1374,3
DA:1375,3
DA:1376,3
DA:1377,3
DA:1378,3
DA:1379,3
DA:1380,3
DA:1381,3
DA:1382,2
DA:1401,1
DA:1402,1
DA:1404,1
DA:1405,1
DA:1406,1
DA:1408,1
DA:1410,1
DA:1413,1
DA:1416,1
DA:1417,3
DA:1418,3
LF:444
LH:444
end_of_record
SF:lib/src/flutter/content.dart
DA:22,6
DA:25,2
DA:26,8
DA:27,2
DA:28,8
DA:30,10
DA:131,6
DA:133,2
DA:146,2
DA:147,4
DA:148,2
DA:149,2
DA:159,2
DA:160,6
DA:161,2
DA:171,1
DA:172,2
DA:176,1
DA:177,2
DA:182,2
DA:183,2
DA:184,2
DA:185,4
DA:186,2
DA:187,2
DA:192,1
DA:193,3
DA:198,4
DA:200,12
DA:209,5
DA:211,4
DA:223,2
DA:224,4
DA:225,2
DA:226,2
DA:227,1
DA:228,3
DA:233,1
DA:234,3
DA:235,2
DA:236,1
DA:237,2
DA:241,2
DA:242,2
DA:243,4
DA:245,2
DA:246,2
DA:248,2
DA:249,2
DA:250,2
DA:251,2
DA:254,1
DA:255,3
DA:256,2
DA:258,2
DA:259,3
DA:260,2
DA:264,2
DA:265,5
DA:266,2
DA:271,1
DA:273,3
DA:275,2
DA:278,1
DA:279,2
DA:280,2
DA:281,3
DA:282,2
DA:283,1
DA:285,2
DA:286,2
DA:289,1
DA:290,2
DA:291,2
DA:292,2
DA:293,2
DA:294,2
DA:297,3
DA:298,5
DA:302,1
DA:303,3
DA:304,2
DA:307,1
DA:308,1
DA:309,3
DA:311,1
DA:312,1
DA:314,3
DA:316,1
DA:317,3
DA:319,4
DA:320,1
DA:322,3
DA:325,3
DA:326,1
DA:329,1
DA:332,1
DA:333,2
DA:334,1
DA:338,2
DA:339,4
DA:340,2
DA:341,6
DA:344,4
DA:345,4
DA:346,3
DA:350,1
DA:351,2
LF:108
LH:108
end_of_record
SF:lib/src/flutter/core_widgets.dart
DA:228,18
DA:231,12
DA:236,1
DA:237,1
DA:238,2
DA:239,2
DA:240,2
DA:244,1
DA:245,1
DA:246,2
DA:247,2
DA:248,2
DA:249,2
DA:250,2
DA:251,2
DA:252,2
DA:256,1
DA:257,1
DA:258,2
DA:259,2
DA:263,2
DA:264,2
DA:265,4
DA:266,4
DA:267,4
DA:271,3
DA:272,3
DA:273,6
DA:274,6
DA:278,2
DA:279,2
DA:280,4
DA:281,4
DA:282,4
DA:283,4
DA:284,4
DA:285,4
DA:286,4
DA:290,3
DA:291,3
DA:292,6
DA:293,6
DA:294,6
DA:295,6
DA:296,6
DA:297,6
DA:298,6
DA:299,6
DA:300,6
DA:301,6
DA:302,6
DA:303,6
DA:304,6
DA:305,6
DA:306,6
DA:307,6
DA:311,1
DA:312,1
DA:313,2
DA:314,2
DA:315,2
DA:316,2
DA:317,2
DA:318,2
DA:319,2
DA:320,2
DA:321,2
DA:322,2
DA:323,2
DA:327,2
DA:328,2
DA:329,4
DA:330,4
DA:334,1
DA:335,1
DA:336,2
DA:337,2
DA:341,1
DA:342,1
DA:343,2
DA:344,2
DA:345,2
DA:346,2
DA:350,1
DA:351,1
DA:352,2
DA:353,2
DA:354,2
DA:355,2
DA:359,3
DA:360,3
DA:361,6
DA:362,9
DA:363,9
DA:364,6
DA:365,6
DA:366,6
DA:367,6
DA:368,6
DA:372,1
DA:373,1
DA:374,2
DA:375,2
DA:377,2
DA:379,2
DA:380,2
DA:381,2
DA:382,3
DA:383,2
DA:384,2
DA:385,2
DA:386,2
DA:387,2
DA:388,2
DA:389,2
DA:390,2
DA:391,2
DA:392,2
DA:396,1
DA:397,1
DA:398,2
DA:399,2
DA:400,2
DA:401,2
DA:402,2
DA:406,1
DA:407,1
DA:408,2
DA:409,2
DA:413,1
DA:414,1
DA:415,2
DA:419,1
DA:420,1
DA:421,2
DA:422,2
DA:423,2
DA:427,1
DA:428,1
DA:429,2
DA:433,2
DA:434,2
DA:435,2
DA:436,2
DA:437,2
DA:439,2
DA:440,2
DA:441,2
DA:442,2
DA:443,2
DA:444,2
DA:445,2
DA:446,2
DA:447,2
DA:451,2
DA:452,2
DA:453,4
DA:454,4
DA:455,4
DA:459,2
DA:460,2
DA:461,4
DA:462,4
DA:464,4
DA:466,4
DA:467,4
DA:468,4
DA:469,4
DA:470,4
DA:471,6
DA:472,4
DA:473,4
DA:474,4
DA:475,4
DA:476,4
DA:477,4
DA:478,4
DA:479,4
DA:480,4
DA:484,1
DA:485,1
DA:486,2
DA:487,2
DA:488,2
DA:489,2
DA:490,2
DA:494,2
DA:495,2
DA:496,4
DA:497,4
DA:498,4
DA:499,4
DA:500,4
DA:504,4
DA:505,4
DA:506,8
DA:507,8
DA:508,8
DA:509,8
DA:513,1
DA:514,1
DA:515,2
DA:516,2
DA:517,2
DA:518,2
DA:519,2
DA:520,2
DA:521,2
DA:522,2
DA:523,2
DA:524,2
DA:528,1
DA:529,1
DA:530,2
DA:531,2
DA:532,2
DA:533,4
DA:534,2
DA:535,2
DA:536,2
DA:542,1
DA:543,1
DA:544,2
DA:545,2
DA:546,2
DA:547,2
DA:548,2
DA:549,2
DA:550,2
DA:555,1
DA:556,1
DA:557,2
DA:558,2
DA:559,2
DA:560,2
DA:561,4
DA:562,2
DA:563,2
DA:567,1
DA:568,1
DA:569,2
DA:570,2
DA:571,2
DA:572,4
DA:573,2
DA:574,2
DA:575,2
DA:579,1
DA:580,1
DA:581,2
DA:582,2
DA:583,2
DA:584,2
DA:585,2
DA:586,2
DA:587,2
DA:588,2
DA:591,2
DA:595,4
DA:596,4
DA:597,8
DA:598,8
DA:599,8
DA:603,1
DA:604,1
DA:605,2
DA:609,3
DA:610,3
DA:611,6
DA:615,1
DA:616,1
DA:617,2
DA:621,1
DA:622,1
DA:623,2
DA:624,2
DA:625,2
DA:626,2
DA:627,2
DA:631,4
DA:632,8
DA:634,2
DA:635,4
DA:636,4
DA:637,6
DA:639,2
DA:641,4
DA:643,8
DA:644,8
DA:645,8
DA:646,8
DA:647,8
DA:648,8
DA:649,8
DA:650,8
DA:651,8
DA:652,8
DA:653,8
DA:654,8
DA:658,1
DA:659,1
DA:660,2
DA:661,2
DA:662,2
DA:663,2
DA:664,2
DA:665,2
DA:666,2
DA:667,2
DA:668,2
DA:669,2
LF:311
LH:311
end_of_record
SF:lib/src/flutter/material_widgets.dart
DA:75,6
DA:77,4
DA:81,1
DA:82,1
DA:83,2
DA:84,2
DA:85,2
DA:86,2
DA:87,2
DA:88,2
DA:89,2
DA:90,2
DA:94,1
DA:96,1
DA:97,2
DA:98,2
DA:99,2
DA:100,2
DA:101,2
DA:102,2
DA:103,2
DA:104,2
DA:105,2
DA:106,2
DA:107,2
DA:108,2
DA:109,2
DA:110,2
DA:111,2
DA:112,2
DA:113,2
DA:114,2
DA:115,2
DA:116,2
DA:120,1
DA:122,1
DA:123,2
DA:124,2
DA:125,2
DA:126,2
DA:127,2
DA:128,2
DA:129,2
DA:130,2
DA:131,2
DA:132,2
DA:136,1
DA:137,1
DA:138,2
DA:139,2
DA:140,2
DA:141,2
DA:142,2
DA:143,2
DA:144,2
DA:145,2
DA:146,2
DA:150,1
DA:152,1
DA:153,2
DA:154,2
DA:155,2
DA:156,2
DA:157,2
DA:158,2
DA:162,1
DA:163,1
DA:164,2
DA:165,2
DA:166,2
DA:167,2
DA:168,2
DA:172,1
DA:173,1
DA:174,2
DA:175,2
DA:176,2
DA:180,1
DA:181,1
DA:182,2
DA:183,2
DA:184,2
DA:185,2
DA:186,2
DA:187,2
DA:191,1
DA:193,1
DA:194,2
DA:195,2
DA:196,2
DA:197,2
DA:198,2
DA:202,1
DA:204,1
DA:205,2
DA:206,2
DA:207,2
DA:208,2
DA:209,2
DA:210,2
DA:211,2
DA:212,2
DA:213,2
DA:214,2
DA:215,2
DA:216,2
DA:217,2
DA:218,2
DA:219,2
DA:220,2
DA:221,2
DA:222,2
DA:223,2
DA:224,2
DA:225,2
DA:229,1
DA:231,1
DA:232,2
DA:233,2
DA:234,2
DA:235,2
DA:236,2
DA:237,2
DA:238,2
DA:239,2
DA:240,2
DA:241,2
DA:242,2
DA:243,2
DA:247,1
DA:249,1
DA:250,2
DA:251,2
DA:252,2
DA:253,2
DA:254,2
DA:255,2
DA:259,1
DA:261,1
DA:262,2
DA:263,2
DA:264,2
DA:265,2
DA:266,2
DA:267,2
DA:268,2
DA:269,2
DA:270,2
DA:271,2
DA:272,2
DA:273,2
DA:274,2
DA:275,2
DA:276,2
DA:277,2
DA:278,2
DA:279,2
DA:280,2
DA:281,2
DA:282,2
DA:283,2
DA:287,1
DA:289,1
DA:290,2
DA:291,2
DA:292,2
DA:293,2
DA:294,2
DA:298,1
DA:300,2
DA:301,2
DA:302,1
DA:303,1
DA:304,3
DA:307,2
DA:308,2
DA:309,1
DA:310,2
DA:311,2
DA:312,2
DA:313,2
DA:314,2
DA:315,2
DA:316,2
DA:317,2
DA:318,2
DA:319,2
DA:320,2
DA:321,2
DA:322,2
DA:323,2
DA:324,2
DA:328,1
DA:330,1
DA:331,2
DA:332,2
DA:333,2
DA:334,2
DA:335,2
DA:339,1
DA:340,1
DA:341,2
DA:342,2
DA:343,2
DA:344,2
DA:345,2
LF:206
LH:206
end_of_record
SF:lib/src/flutter/remote_widget.dart
DA:23,6
DA:59,6
DA:60,6
DA:64,6
DA:66,6
DA:67,24
DA:70,3
DA:72,3
DA:73,12
DA:74,3
DA:75,4
DA:79,6
DA:81,24
DA:82,6
DA:85,5
DA:86,10
DA:89,3
DA:90,6
DA:91,9
DA:95,6
DA:97,48
LF:21
LH:21
end_of_record
SF:lib/src/flutter/runtime.dart
DA:48,11
DA:55,1
DA:56,1
DA:163,6
DA:168,6
DA:170,12
DA:175,6
DA:194,6
DA:211,6
DA:212,12
DA:213,6
DA:224,1
DA:225,2
DA:226,1
DA:232,6
DA:233,12
DA:234,12
DA:235,6
DA:250,6
DA:251,12
DA:253,12
DA:254,12
DA:255,12
DA:257,6
DA:260,6
DA:261,12
DA:262,6
DA:264,6
DA:265,12
DA:266,6
DA:267,6
DA:268,1
DA:269,3
DA:270,1
DA:273,1
DA:275,2
DA:276,3
DA:277,2
DA:279,4
DA:282,12
DA:287,6
DA:288,12
DA:292,18
DA:293,6
DA:294,12
DA:295,18
DA:296,18
DA:299,12
DA:300,6
DA:301,18
DA:305,12
DA:308,6
DA:309,12
DA:311,18
DA:314,6
DA:316,10
DA:320,3
DA:321,6
DA:326,1
DA:330,2
DA:331,2
DA:342,6
DA:343,6
DA:345,12
DA:346,12
DA:347,3
DA:349,18
DA:350,6
DA:352,6
DA:353,1
DA:357,18
DA:358,6
DA:359,3
DA:362,6
DA:363,3
DA:368,18
DA:369,18
DA:371,9
DA:372,3
DA:373,3
DA:374,3
DA:375,6
DA:376,3
DA:379,4
DA:382,6
DA:383,6
DA:384,12
DA:385,24
DA:387,6
DA:388,6
DA:389,15
DA:392,5
DA:393,5
DA:394,5
DA:395,15
DA:399,5
DA:400,2
DA:401,2
DA:402,1
DA:404,5
DA:405,1
DA:406,2
DA:407,2
DA:408,1
DA:409,1
DA:410,1
DA:411,1
DA:417,5
DA:418,1
DA:420,5
DA:421,1
DA:423,5
DA:424,20
DA:426,5
DA:427,3
DA:428,2
DA:429,3
DA:431,10
DA:444,5
DA:454,6
DA:460,1
DA:461,1
DA:462,1
DA:463,3
DA:466,1
DA:467,1
DA:468,1
DA:469,3
DA:473,1
DA:474,6
DA:476,1
DA:477,1
DA:478,2
DA:479,2
DA:480,2
DA:481,1
DA:482,1
DA:487,1
DA:488,1
DA:489,1
DA:490,1
DA:491,2
DA:494,1
DA:495,1
DA:496,1
DA:497,2
DA:498,2
DA:499,1
DA:502,1
DA:503,1
DA:504,1
DA:505,2
DA:506,2
DA:507,1
DA:510,1
DA:511,2
DA:512,1
DA:516,1
DA:517,4
DA:519,1
DA:520,4
DA:522,1
DA:523,4
DA:535,5
DA:538,20
DA:539,5
DA:540,5
DA:541,1
DA:542,1
DA:543,1
DA:544,3
DA:545,1
DA:546,2
DA:547,1
DA:548,3
DA:549,1
DA:550,3
DA:551,1
DA:552,1
DA:555,1
DA:557,2
DA:559,4
DA:560,1
DA:561,3
DA:562,1
DA:564,2
DA:566,5
DA:567,10
DA:569,5
DA:571,5
DA:573,5
DA:576,6
DA:580,6
DA:581,2
DA:582,2
DA:583,1
DA:585,2
DA:587,6
DA:588,1
DA:589,2
DA:590,2
DA:593,1
DA:596,6
DA:597,2
DA:598,2
DA:599,1
DA:601,3
DA:603,6
DA:604,1
DA:605,2
DA:606,2
DA:609,1
DA:612,6
DA:613,2
DA:614,2
DA:616,2
DA:623,12
DA:626,5
DA:627,20
DA:628,5
DA:629,4
DA:633,6
DA:634,12
DA:637,12
DA:640,10
DA:641,5
DA:642,10
DA:645,15
DA:647,2
DA:648,2
DA:649,2
DA:652,5
DA:654,10
DA:655,10
DA:656,10
DA:660,5
DA:661,5
DA:662,17
DA:663,3
DA:664,3
DA:665,3
DA:666,5
DA:668,5
DA:670,3
DA:671,1
DA:677,6
DA:678,12
DA:679,6
DA:680,10
DA:682,12
DA:683,12
DA:684,12
DA:688,6
DA:689,6
DA:694,1
DA:695,4
DA:699,12
DA:701,3
DA:702,9
DA:707,6
DA:709,12
DA:714,2
DA:718,1
DA:720,2
DA:723,1
DA:724,3
DA:728,2
DA:732,1
DA:734,2
DA:735,1
DA:736,1
DA:738,3
DA:741,1
DA:742,3
DA:746,6
DA:756,6
DA:757,6
DA:765,6
DA:767,6
DA:768,6
DA:771,6
DA:773,6
DA:774,24
DA:775,6
DA:777,48
DA:778,6
DA:782,6
DA:784,6
DA:785,6
DA:788,6
DA:789,30
DA:790,6
DA:791,2
DA:792,3
DA:794,6
DA:796,18
DA:797,6
DA:798,4
DA:802,1
DA:803,3
DA:806,1
DA:807,2
DA:808,1
DA:810,1
DA:811,2
DA:812,1
DA:813,1
DA:814,1
DA:815,3
DA:817,1
DA:818,3
DA:820,3
DA:821,1
DA:823,2
DA:825,1
DA:826,1
DA:827,3
DA:829,3
DA:830,3
DA:832,3
DA:833,1
DA:835,1
DA:838,3
DA:840,1
DA:842,3
DA:850,6
DA:851,13
DA:852,1
DA:854,12
DA:855,12
DA:858,6
DA:860,30
DA:861,6
DA:862,6
DA:865,3
DA:867,3
DA:868,3
DA:869,3
DA:872,5
DA:874,5
DA:875,5
DA:876,5
DA:877,10
DA:878,5
DA:881,6
DA:885,6
DA:887,6
DA:888,6
DA:891,5
DA:893,5
DA:894,5
DA:895,32
DA:897,5
DA:900,6
DA:902,6
DA:903,6
DA:904,40
DA:909,4
DA:911,4
DA:912,4
DA:913,8
DA:914,8
DA:915,4
DA:916,4
DA:917,4
DA:918,4
DA:919,4
DA:920,28
DA:922,5
DA:926,3
DA:929,1
DA:930,5
DA:934,6
DA:936,17
DA:939,6
DA:941,6
DA:942,6
DA:943,5
DA:944,5
DA:945,2
DA:947,6
DA:948,10
DA:949,5
DA:950,8
DA:951,6
DA:952,3
DA:953,3
DA:955,8
DA:957,12
DA:958,1
DA:959,3
DA:960,6
DA:975,6
DA:976,6
DA:977,12
DA:978,4
DA:981,12
DA:983,6
DA:984,30
DA:985,7
DA:986,1
DA:988,12
DA:991,12
DA:992,6
DA:996,4
DA:997,8
DA:998,12
DA:1002,1
DA:1003,1
DA:1005,2
DA:1006,3
DA:1007,2
DA:1009,2
DA:1011,2
DA:1012,1
DA:1015,1
DA:1016,1
DA:1018,2
DA:1019,3
DA:1022,3
DA:1026,1
DA:1027,2
DA:1029,2
DA:1031,2
DA:1032,1
DA:1035,1
DA:1036,2
DA:1037,2
DA:1038,2
DA:1043,6
DA:1046,60
DA:1049,1
DA:1051,1
DA:1052,6
DA:1061,12
DA:1063,6
DA:1064,24
DA:1070,4
DA:1072,4
DA:1073,12
DA:1074,12
DA:1077,6
DA:1078,24
DA:1082,1
DA:1083,5
DA:1091,2
DA:1094,1
DA:1095,3
DA:1096,1
DA:1099,1
DA:1100,2
DA:1103,1
DA:1104,4
DA:1108,3
DA:1109,6
DA:1111,3
DA:1114,3
LF:457
LH:457
end_of_record
