SF:lib/src/dart/binary.dart
DA:41,1
DA:42,1
DA:43,1
DA:44,1
DA:45,2
DA:67,2
DA:68,10
DA:69,2
DA:70,2
DA:71,2
DA:85,2
DA:86,2
DA:87,2
DA:88,2
DA:89,4
DA:266,2
DA:267,10
DA:268,2
DA:269,2
DA:270,2
DA:313,2
DA:319,10
DA:321,2
DA:322,10
DA:323,3
DA:325,4
DA:328,2
DA:329,2
DA:330,2
DA:331,4
DA:334,2
DA:335,2
DA:336,2
DA:338,4
DA:342,0
DA:343,0
DA:344,0
DA:347,1
DA:348,1
DA:349,1
DA:350,2
DA:353,2
DA:354,2
DA:355,2
DA:356,2
DA:357,14
DA:360,1
DA:361,3
DA:362,1
DA:364,1
DA:365,1
DA:366,1
DA:367,1
DA:369,5
DA:374,2
DA:375,2
DA:376,2
DA:379,2
DA:380,2
DA:382,4
DA:383,2
DA:384,2
DA:390,1
DA:391,1
DA:392,1
DA:395,1
DA:398,1
DA:399,1
DA:400,1
DA:401,1
DA:402,1
DA:404,2
DA:405,1
DA:406,1
DA:410,1
DA:413,2
DA:415,2
DA:417,2
DA:419,2
DA:420,2
DA:421,2
DA:422,1
DA:423,2
DA:424,1
DA:425,2
DA:426,4
DA:427,2
DA:428,2
DA:429,5
DA:433,2
DA:434,2
DA:435,4
DA:438,2
DA:440,2
DA:441,3
DA:442,2
DA:443,1
DA:444,2
DA:445,2
DA:446,2
DA:447,2
DA:448,2
DA:449,3
DA:450,2
DA:451,2
DA:452,2
DA:453,4
DA:454,2
DA:455,1
DA:456,2
DA:457,4
DA:458,2
DA:459,1
DA:460,2
DA:461,3
DA:463,4
DA:467,2
DA:468,2
DA:469,2
DA:472,2
DA:473,2
DA:474,6
DA:477,1
DA:478,1
DA:479,1
DA:480,1
DA:481,0
DA:483,2
DA:484,1
DA:487,2
DA:488,2
DA:489,4
DA:490,2
DA:493,2
DA:494,1
DA:495,2
DA:496,2
DA:498,5
DA:500,2
DA:503,2
DA:504,8
DA:507,2
DA:508,12
DA:511,2
DA:512,8
DA:515,2
DA:516,6
DA:519,2
DA:520,6
DA:521,2
DA:523,4
DA:524,2
DA:525,2
DA:526,2
DA:531,2
DA:533,6
DA:534,6
DA:548,2
DA:550,6
DA:551,18
DA:555,2
DA:557,4
DA:561,0
DA:562,0
DA:563,0
DA:565,0
DA:566,0
DA:569,6
DA:572,2
DA:573,2
DA:574,4
DA:575,4
DA:578,2
DA:579,4
DA:580,4
DA:581,2
DA:582,2
DA:586,2
DA:587,2
DA:588,4
DA:589,2
DA:590,1
DA:591,2
DA:592,1
DA:594,3
DA:598,2
DA:599,2
DA:600,2
DA:601,2
DA:602,2
DA:603,3
DA:604,2
DA:605,2
DA:606,3
DA:607,2
DA:608,2
DA:609,2
DA:610,1
DA:611,2
DA:612,2
DA:613,1
DA:615,2
DA:619,1
DA:620,2
DA:623,2
DA:624,2
DA:625,2
DA:626,2
DA:627,2
DA:628,2
DA:629,4
DA:630,4
DA:631,6
DA:632,2
DA:633,2
DA:634,2
DA:635,2
DA:636,2
DA:637,2
DA:638,3
DA:639,3
DA:640,2
DA:641,2
DA:642,3
DA:643,3
DA:644,2
DA:645,2
DA:646,2
DA:647,3
DA:648,3
DA:649,2
DA:650,2
DA:651,2
DA:652,3
DA:653,3
DA:654,2
DA:655,2
DA:656,3
DA:657,3
DA:658,2
DA:659,2
DA:660,2
DA:661,3
DA:662,2
DA:663,2
DA:664,2
DA:665,3
DA:666,3
DA:668,2
DA:670,1
DA:672,1
DA:674,2
DA:675,2
DA:676,1
DA:677,3
DA:678,3
DA:679,2
DA:681,4
DA:682,4
DA:686,2
DA:687,4
DA:688,4
DA:689,4
DA:690,2
DA:691,3
DA:693,2
DA:695,4
DA:699,2
DA:700,4
DA:701,4
DA:702,8
DA:703,8
DA:707,2
DA:708,4
DA:709,4
DA:712,2
DA:713,6
DA:714,4
LF:278
LH:269
end_of_record
SF:lib/src/dart/model.dart
DA:40,2
DA:51,1
DA:53,3
DA:54,1
DA:56,3
DA:59,1
DA:61,2
DA:64,1
DA:65,3
DA:66,3
DA:69,1
DA:70,3
DA:75,2
DA:76,6
DA:77,1
DA:79,6
DA:85,1
DA:86,3
DA:87,1
DA:89,3
DA:96,1
DA:97,3
DA:98,1
DA:100,3
DA:107,1
DA:108,3
DA:109,1
DA:111,3
DA:114,1
DA:116,3
DA:139,2
DA:140,8
DA:141,4
DA:155,1
DA:157,2
DA:160,1
DA:161,3
DA:162,3
DA:165,1
DA:166,3
DA:168,1
DA:170,7
DA:188,22
DA:197,21
DA:208,1
DA:209,2
DA:221,1
DA:222,2
DA:233,7
DA:237,14
DA:239,2
DA:244,9
DA:248,27
DA:251,27
DA:252,27
DA:271,19
DA:276,9
DA:278,27
DA:281,9
DA:282,27
DA:285,8
DA:286,16
DA:288,5
DA:289,10
DA:291,1
DA:293,4
DA:294,3
DA:297,5
DA:298,1
DA:302,6
DA:303,5
DA:313,14
DA:321,6
DA:323,18
DA:326,6
DA:327,33
DA:330,8
DA:331,24
DA:333,2
DA:334,6
DA:336,1
DA:338,3
DA:339,1
DA:342,3
DA:351,10
DA:353,2
DA:373,7
DA:385,2
DA:386,6
DA:397,6
DA:413,3
DA:414,9
DA:424,11
DA:438,3
DA:439,9
DA:445,3
DA:460,2
DA:461,6
DA:470,8
DA:487,7
DA:493,3
DA:494,6
DA:497,2
DA:498,6
DA:517,7
DA:525,1
DA:526,4
DA:535,8
DA:551,2
DA:552,6
DA:555,2
DA:556,6
DA:571,3
DA:588,0
DA:589,0
DA:592,2
DA:593,8
DA:601,14
DA:626,1
DA:627,4
DA:635,3
DA:636,6
DA:639,2
DA:640,8
DA:658,7
DA:684,1
DA:685,4
DA:688,1
DA:689,4
DA:701,6
DA:711,5
DA:717,2
DA:718,4
DA:721,2
DA:722,6
DA:739,5
DA:768,2
DA:769,8
DA:772,1
DA:773,4
DA:783,9
DA:795,9
DA:805,2
DA:806,6
DA:819,5
DA:827,2
DA:828,6
DA:839,11
DA:844,2
DA:845,4
DA:864,33
DA:883,3
DA:884,9
DA:891,11
DA:901,11
DA:914,3
DA:915,15
LF:157
LH:155
end_of_record
SF:lib/src/dart/text.dart
DA:171,3
DA:172,6
DA:173,3
DA:630,9
DA:631,18
DA:632,9
DA:645,5
DA:646,5
DA:647,2
DA:652,9
DA:660,18
DA:677,1
DA:678,2
DA:682,12
DA:685,1
DA:686,2
DA:690,12
DA:693,1
DA:694,2
DA:698,18
DA:701,1
DA:702,1
DA:706,12
DA:709,1
DA:710,2
DA:714,9
DA:716,1
DA:735,1
DA:737,1
DA:738,3
DA:741,1
DA:742,4
DA:745,1
DA:746,4
DA:766,1
DA:767,4
DA:806,1
DA:807,2
DA:808,2
DA:809,1
DA:810,5
DA:812,4
DA:815,9
DA:816,18
DA:821,9
DA:822,9
DA:826,18
DA:827,9
DA:829,9
DA:830,9
DA:831,9
DA:834,9
DA:837,9
DA:840,9
DA:842,9
DA:843,9
DA:845,9
DA:846,9
DA:848,9
DA:849,9
DA:850,9
DA:851,9
DA:852,9
DA:853,9
DA:854,9
DA:855,9
DA:856,9
DA:857,9
DA:858,9
DA:859,9
DA:861,9
DA:862,10
DA:864,9
DA:865,12
DA:867,9
DA:868,6
DA:870,3
DA:871,9
DA:873,9
DA:875,9
DA:876,11
DA:878,6
DA:879,9
DA:880,9
DA:881,9
DA:882,9
DA:883,9
DA:884,9
DA:885,9
DA:886,9
DA:887,9
DA:888,12
DA:890,6
DA:891,9
DA:892,9
DA:893,9
DA:894,9
DA:895,9
DA:896,9
DA:897,9
DA:898,9
DA:899,9
DA:900,9
DA:901,9
DA:902,9
DA:903,9
DA:904,9
DA:905,9
DA:906,9
DA:907,9
DA:908,9
DA:909,9
DA:910,9
DA:911,9
DA:912,9
DA:913,9
DA:914,9
DA:915,9
DA:916,9
DA:917,9
DA:918,9
DA:919,9
DA:920,9
DA:921,9
DA:922,9
DA:923,9
DA:924,9
DA:925,9
DA:926,9
DA:927,9
DA:928,9
DA:929,9
DA:930,9
DA:931,9
DA:932,9
DA:933,9
DA:934,9
DA:935,9
DA:936,9
DA:937,9
DA:938,9
DA:939,9
DA:940,2
DA:941,2
DA:942,1
DA:943,1
DA:944,18
DA:946,9
DA:948,3
DA:951,9
DA:952,15
DA:954,3
DA:955,1
DA:956,3
DA:957,3
DA:958,3
DA:959,2
DA:960,2
DA:961,1
DA:962,1
DA:963,1
DA:964,1
DA:965,1
DA:967,3
DA:969,3
DA:972,9
DA:973,27
DA:975,5
DA:976,2
DA:977,2
DA:979,5
DA:980,5
DA:981,4
DA:982,2
DA:985,5
DA:986,5
DA:987,5
DA:988,5
DA:989,5
DA:990,5
DA:991,5
DA:992,5
DA:993,5
DA:994,5
DA:995,4
DA:996,2
DA:997,4
DA:1000,5
DA:1002,4
DA:1003,4
DA:1004,4
DA:1005,4
DA:1006,4
DA:1007,4
DA:1008,4
DA:1009,4
DA:1010,4
DA:1011,4
DA:1012,4
DA:1014,1
DA:1015,4
DA:1016,4
DA:1018,1
DA:1019,4
DA:1020,4
DA:1022,5
DA:1024,3
DA:1027,9
DA:1029,3
DA:1030,4
DA:1031,2
DA:1033,3
DA:1034,3
DA:1035,4
DA:1036,1
DA:1039,3
DA:1040,3
DA:1041,3
DA:1042,3
DA:1043,3
DA:1044,3
DA:1045,3
DA:1046,3
DA:1047,3
DA:1048,3
DA:1049,4
DA:1050,1
DA:1051,2
DA:1054,3
DA:1056,3
DA:1057,2
DA:1058,1
DA:1059,1
DA:1060,1
DA:1061,1
DA:1062,1
DA:1063,1
DA:1064,1
DA:1065,1
DA:1066,1
DA:1068,2
DA:1069,1
DA:1070,1
DA:1072,1
DA:1074,3
DA:1077,9
DA:1079,6
DA:1080,4
DA:1081,1
DA:1082,2
DA:1084,6
DA:1085,6
DA:1086,12
DA:1087,3
DA:1090,6
DA:1091,6
DA:1092,6
DA:1093,6
DA:1094,6
DA:1095,6
DA:1096,6
DA:1097,6
DA:1098,6
DA:1099,6
DA:1100,16
DA:1101,5
DA:1102,8
DA:1105,6
DA:1107,6
DA:1108,6
DA:1109,5
DA:1110,5
DA:1111,5
DA:1112,5
DA:1113,5
DA:1114,4
DA:1115,3
DA:1116,2
DA:1117,2
DA:1118,6
DA:1119,1
DA:1120,1
DA:1122,1
DA:1124,3
DA:1127,9
DA:1129,3
DA:1130,4
DA:1131,1
DA:1132,2
DA:1134,3
DA:1135,3
DA:1136,12
DA:1137,3
DA:1140,3
DA:1141,3
DA:1142,2
DA:1143,2
DA:1144,2
DA:1145,2
DA:1146,2
DA:1147,2
DA:1148,2
DA:1149,2
DA:1150,12
DA:1151,3
DA:1152,6
DA:1155,2
DA:1156,8
DA:1157,2
DA:1160,1
DA:1161,1
DA:1162,1
DA:1163,1
DA:1164,1
DA:1165,1
DA:1166,1
DA:1167,1
DA:1168,1
DA:1169,1
DA:1170,1
DA:1172,3
DA:1175,9
DA:1177,6
DA:1178,1
DA:1179,6
DA:1180,4
DA:1181,4
DA:1182,3
DA:1183,3
DA:1184,3
DA:1185,3
DA:1186,3
DA:1187,3
DA:1188,2
DA:1190,6
DA:1192,3
DA:1195,9
DA:1197,6
DA:1198,4
DA:1199,2
DA:1201,6
DA:1202,6
DA:1203,12
DA:1204,3
DA:1207,6
DA:1208,6
DA:1209,6
DA:1210,5
DA:1211,5
DA:1212,5
DA:1213,5
DA:1214,5
DA:1215,3
DA:1216,3
DA:1217,20
DA:1218,5
DA:1219,10
DA:1222,3
DA:1223,3
DA:1224,3
DA:1225,3
DA:1226,3
DA:1227,3
DA:1228,2
DA:1229,2
DA:1230,2
DA:1231,2
DA:1232,3
DA:1233,1
DA:1234,1
DA:1236,1
DA:1238,3
DA:1241,9
DA:1243,1
DA:1244,1
DA:1245,1
DA:1247,1
DA:1248,1
DA:1249,1
DA:1250,1
DA:1251,1
DA:1252,1
DA:1253,1
DA:1254,1
DA:1255,1
DA:1256,1
DA:1257,1
DA:1259,1
DA:1261,3
DA:1264,9
DA:1266,1
DA:1267,1
DA:1268,1
DA:1269,1
DA:1270,1
DA:1271,1
DA:1272,1
DA:1273,1
DA:1274,1
DA:1275,1
DA:1276,1
DA:1277,1
DA:1279,1
DA:1281,3
DA:1284,9
DA:1286,1
DA:1287,4
DA:1288,2
DA:1290,1
DA:1291,1
DA:1292,4
DA:1293,1
DA:1296,1
DA:1297,1
DA:1298,1
DA:1299,1
DA:1300,1
DA:1301,1
DA:1302,1
DA:1303,1
DA:1304,1
DA:1305,1
DA:1306,4
DA:1307,1
DA:1308,2
DA:1311,1
DA:1312,1
DA:1313,1
DA:1314,1
DA:1315,1
DA:1316,1
DA:1317,1
DA:1318,1
DA:1319,1
DA:1320,1
DA:1321,1
DA:1323,3
DA:1326,9
DA:1328,4
DA:1329,1
DA:1330,4
DA:1331,4
DA:1332,4
DA:1333,4
DA:1334,4
DA:1335,4
DA:1336,4
DA:1337,4
DA:1338,4
DA:1339,4
DA:1340,4
DA:1341,4
DA:1342,4
DA:1343,4
DA:1344,4
DA:1345,4
DA:1346,1
DA:1347,1
DA:1348,1
DA:1349,1
DA:1350,1
DA:1351,1
DA:1353,5
DA:1355,3
DA:1358,9
DA:1360,4
DA:1361,4
DA:1362,2
DA:1364,4
DA:1365,4
DA:1366,12
DA:1367,3
DA:1370,4
DA:1371,4
DA:1372,4
DA:1373,4
DA:1374,4
DA:1375,4
DA:1376,4
DA:1377,4
DA:1378,4
DA:1379,4
DA:1380,12
DA:1381,4
DA:1382,6
DA:1385,4
DA:1386,4
DA:1387,4
DA:1388,4
DA:1389,4
DA:1390,4
DA:1391,4
DA:1392,4
DA:1393,4
DA:1394,4
DA:1395,4
DA:1396,4
DA:1397,4
DA:1398,4
DA:1399,4
DA:1400,4
DA:1401,1
DA:1402,1
DA:1403,1
DA:1404,1
DA:1405,1
DA:1406,1
DA:1407,5
DA:1409,3
DA:1412,9
DA:1414,5
DA:1415,2
DA:1416,2
DA:1418,5
DA:1419,5
DA:1420,2
DA:1423,5
DA:1424,1
DA:1425,2
DA:1428,5
DA:1429,1
DA:1430,2
DA:1433,5
DA:1434,5
DA:1435,5
DA:1436,5
DA:1437,5
DA:1438,5
DA:1439,5
DA:1440,5
DA:1441,5
DA:1442,5
DA:1443,2
DA:1444,2
DA:1447,5
DA:1449,5
DA:1450,5
DA:1451,5
DA:1452,5
DA:1453,5
DA:1454,5
DA:1455,5
DA:1456,5
DA:1457,5
DA:1458,5
DA:1459,6
DA:1460,6
DA:1461,3
DA:1463,3
DA:1464,5
DA:1465,5
DA:1466,5
DA:1467,5
DA:1468,5
DA:1469,5
DA:1470,5
DA:1471,5
DA:1472,5
DA:1473,5
DA:1474,5
DA:1475,5
DA:1476,5
DA:1477,5
DA:1478,5
DA:1479,5
DA:1480,5
DA:1481,5
DA:1482,5
DA:1483,5
DA:1484,5
DA:1485,5
DA:1486,5
DA:1487,5
DA:1488,5
DA:1489,5
DA:1490,5
DA:1491,5
DA:1492,5
DA:1493,5
DA:1494,5
DA:1495,5
DA:1496,5
DA:1497,5
DA:1498,5
DA:1499,5
DA:1500,5
DA:1501,5
DA:1502,5
DA:1503,5
DA:1504,5
DA:1505,5
DA:1506,5
DA:1507,5
DA:1508,5
DA:1509,4
DA:1510,3
DA:1511,3
DA:1512,1
DA:1513,1
DA:1514,1
DA:1515,1
DA:1516,1
DA:1517,10
DA:1518,10
DA:1519,5
DA:1521,5
DA:1523,3
DA:1526,9
DA:1528,4
DA:1529,1
DA:1530,4
DA:1531,4
DA:1535,3
DA:1538,9
DA:1540,9
DA:1541,3
DA:1542,2
DA:1544,9
DA:1545,9
DA:1546,27
DA:1547,9
DA:1550,9
DA:1551,9
DA:1552,9
DA:1553,9
DA:1554,9
DA:1555,9
DA:1556,9
DA:1557,9
DA:1558,9
DA:1559,9
DA:1560,27
DA:1561,9
DA:1562,18
DA:1565,9
DA:1566,10
DA:1567,5
DA:1570,9
DA:1571,9
DA:1572,9
DA:1573,9
DA:1574,9
DA:1575,9
DA:1576,9
DA:1577,9
DA:1578,9
DA:1579,9
DA:1580,9
DA:1581,9
DA:1582,9
DA:1583,9
DA:1584,9
DA:1585,9
DA:1586,9
DA:1587,9
DA:1588,9
DA:1589,9
DA:1590,9
DA:1591,9
DA:1592,9
DA:1593,9
DA:1594,9
DA:1595,9
DA:1596,9
DA:1597,9
DA:1598,9
DA:1599,9
DA:1600,9
DA:1601,9
DA:1602,9
DA:1603,9
DA:1604,9
DA:1605,9
DA:1606,9
DA:1607,9
DA:1608,9
DA:1609,9
DA:1610,9
DA:1611,9
DA:1612,9
DA:1613,9
DA:1614,9
DA:1615,9
DA:1616,9
DA:1617,9
DA:1618,9
DA:1619,9
DA:1620,9
DA:1621,9
DA:1622,9
DA:1623,9
DA:1624,9
DA:1625,9
DA:1626,8
DA:1627,8
DA:1628,8
DA:1629,8
DA:1630,7
DA:1631,7
DA:1632,1
DA:1633,9
DA:1635,3
DA:1638,6
DA:1640,6
DA:1641,1
DA:1642,6
DA:1643,1
DA:1644,6
DA:1645,12
DA:1646,6
DA:1649,6
DA:1652,6
DA:1655,6
DA:1657,1
DA:1658,1
DA:1659,1
DA:1660,1
DA:1661,1
DA:1662,1
DA:1663,1
DA:1665,1
DA:1666,1
DA:1668,1
DA:1669,1
DA:1671,1
DA:1672,1
DA:1674,1
DA:1675,1
DA:1677,1
DA:1678,1
DA:1680,1
DA:1681,2
DA:1684,3
DA:1687,6
DA:1689,1
DA:1690,1
DA:1691,1
DA:1692,1
DA:1693,1
DA:1694,1
DA:1695,1
DA:1696,1
DA:1697,1
DA:1698,1
DA:1699,1
DA:1700,1
DA:1701,1
DA:1702,1
DA:1703,1
DA:1704,1
DA:1705,1
DA:1706,1
DA:1707,1
DA:1708,1
DA:1709,1
DA:1710,1
DA:1711,1
DA:1712,1
DA:1713,1
DA:1716,3
DA:1719,6
DA:1721,1
DA:1722,1
DA:1723,1
DA:1724,1
DA:1725,1
DA:1726,1
DA:1727,1
DA:1728,1
DA:1729,1
DA:1730,1
DA:1731,1
DA:1732,1
DA:1733,1
DA:1734,1
DA:1735,1
DA:1736,1
DA:1737,1
DA:1738,1
DA:1739,1
DA:1740,1
DA:1741,1
DA:1742,1
DA:1743,1
DA:1744,1
DA:1745,1
DA:1748,3
DA:1751,6
DA:1753,1
DA:1754,1
DA:1755,1
DA:1756,1
DA:1757,1
DA:1758,1
DA:1759,1
DA:1760,1
DA:1761,1
DA:1762,1
DA:1763,1
DA:1764,1
DA:1765,1
DA:1766,1
DA:1767,1
DA:1768,1
DA:1769,1
DA:1770,1
DA:1771,1
DA:1772,1
DA:1773,1
DA:1774,1
DA:1775,1
DA:1776,1
DA:1777,1
DA:1780,3
DA:1783,6
DA:1785,1
DA:1786,1
DA:1787,1
DA:1788,1
DA:1789,1
DA:1790,1
DA:1791,1
DA:1792,1
DA:1793,1
DA:1794,1
DA:1795,1
DA:1796,1
DA:1797,1
DA:1798,1
DA:1799,1
DA:1800,1
DA:1801,1
DA:1802,1
DA:1803,1
DA:1804,1
DA:1805,1
DA:1806,1
DA:1807,1
DA:1808,1
DA:1809,1
DA:1810,3
DA:1811,1
DA:1814,3
DA:1817,6
DA:1819,5
DA:1820,1
DA:1821,5
DA:1822,1
DA:1823,5
DA:1824,10
DA:1825,5
DA:1828,5
DA:1831,5
DA:1834,6
DA:1836,1
DA:1837,1
DA:1838,1
DA:1839,1
DA:1840,1
DA:1841,1
DA:1842,1
DA:1844,1
DA:1845,1
DA:1847,1
DA:1848,1
DA:1850,1
DA:1851,1
DA:1853,1
DA:1854,1
DA:1856,1
DA:1857,1
DA:1859,1
DA:1860,2
DA:1863,3
DA:1866,6
DA:1868,1
DA:1869,1
DA:1870,1
DA:1871,1
DA:1872,1
DA:1873,1
DA:1874,1
DA:1875,1
DA:1876,1
DA:1877,1
DA:1878,1
DA:1879,1
DA:1880,1
DA:1881,1
DA:1882,1
DA:1883,1
DA:1884,1
DA:1885,1
DA:1886,1
DA:1887,1
DA:1888,1
DA:1889,1
DA:1890,1
DA:1891,1
DA:1892,1
DA:1895,3
DA:1898,6
DA:1900,1
DA:1901,1
DA:1902,1
DA:1903,1
DA:1904,1
DA:1905,1
DA:1906,1
DA:1907,1
DA:1908,1
DA:1909,1
DA:1910,1
DA:1911,1
DA:1912,1
DA:1913,1
DA:1914,1
DA:1915,1
DA:1916,1
DA:1917,1
DA:1918,1
DA:1919,1
DA:1920,1
DA:1921,1
DA:1922,1
DA:1923,1
DA:1924,1
DA:1927,3
DA:1930,6
DA:1932,1
DA:1933,1
DA:1934,1
DA:1935,1
DA:1936,1
DA:1937,1
DA:1938,1
DA:1939,1
DA:1940,1
DA:1941,1
DA:1942,1
DA:1943,1
DA:1944,1
DA:1945,1
DA:1946,1
DA:1947,1
DA:1948,1
DA:1949,1
DA:1950,1
DA:1951,1
DA:1952,1
DA:1953,1
DA:1954,1
DA:1955,1
DA:1956,1
DA:1959,3
DA:1962,6
DA:1964,1
DA:1965,1
DA:1966,1
DA:1967,1
DA:1968,1
DA:1969,1
DA:1970,1
DA:1971,1
DA:1972,1
DA:1973,1
DA:1974,1
DA:1975,1
DA:1976,1
DA:1977,1
DA:1978,1
DA:1979,1
DA:1980,1
DA:1981,1
DA:1982,1
DA:1983,1
DA:1984,1
DA:1985,1
DA:1986,1
DA:1987,1
DA:1988,1
DA:1989,3
DA:1990,1
DA:1993,3
DA:1996,6
DA:1998,6
DA:1999,1
DA:2001,6
DA:2002,6
DA:2005,6
DA:2006,6
DA:2007,6
DA:2008,3
DA:2009,3
DA:2010,3
DA:2011,3
DA:2012,3
DA:2013,1
DA:2014,1
DA:2015,6
DA:2018,1
DA:2021,3
DA:2024,4
DA:2026,4
DA:2027,1
DA:2028,4
DA:2030,4
DA:2033,3
DA:2036,4
DA:2038,4
DA:2039,1
DA:2041,3
DA:2048,1
DA:2050,1
DA:2051,1
DA:2052,1
DA:2059,1
DA:2061,1
DA:2062,1
DA:2063,1
DA:2081,27
DA:2088,9
DA:2089,27
DA:2090,36
DA:2091,18
DA:2092,9
DA:2095,9
DA:2096,9
DA:2097,5
DA:2102,9
DA:2103,9
DA:2104,2
DA:2106,3
DA:2112,9
DA:2113,27
DA:2114,36
DA:2117,9
DA:2118,27
DA:2119,3
DA:2121,36
DA:2122,3
DA:2124,9
DA:2127,9
DA:2128,27
DA:2129,3
DA:2131,27
DA:2132,9
DA:2136,6
DA:2137,18
DA:2138,3
DA:2140,18
DA:2141,6
DA:2145,9
DA:2146,27
DA:2147,36
DA:2150,8
DA:2151,8
DA:2152,1
DA:2158,9
DA:2159,27
DA:2160,5
DA:2162,36
DA:2163,5
DA:2165,9
DA:2168,9
DA:2169,27
DA:2170,9
DA:2172,3
DA:2175,7
DA:2179,7
DA:2180,7
DA:2184,7
DA:2188,9
DA:2192,9
DA:2193,27
DA:2194,8
DA:2195,8
DA:2196,4
DA:2198,8
DA:2199,8
DA:2204,8
DA:2205,8
DA:2207,8
DA:2208,8
DA:2218,7
DA:2222,7
DA:2223,7
DA:2224,7
DA:2225,7
DA:2226,4
DA:2227,4
DA:2228,4
DA:2229,8
DA:2230,4
DA:2231,4
DA:2232,4
DA:2233,4
DA:2237,4
DA:2238,8
DA:2239,4
DA:2243,12
DA:2244,8
DA:2245,12
DA:2247,6
DA:2251,6
DA:2253,7
DA:2254,7
DA:2255,6
DA:2256,3
DA:2259,7
DA:2263,3
DA:2266,3
DA:2267,3
DA:2268,3
DA:2269,9
DA:2271,3
DA:2272,3
DA:2273,3
DA:2276,3
DA:2278,3
DA:2279,3
DA:2280,4
DA:2283,3
DA:2284,3
DA:2285,3
DA:2286,3
DA:2287,3
DA:2292,3
DA:2293,6
DA:2296,5
DA:2297,4
DA:2300,5
DA:2302,5
DA:2303,15
DA:2304,12
DA:2305,15
DA:2306,4
DA:2307,15
DA:2308,20
DA:2310,3
DA:2312,5
DA:2313,5
DA:2317,8
DA:2322,24
DA:2323,24
DA:2324,8
DA:2325,7
DA:2326,6
DA:2327,5
DA:2328,3
DA:2329,3
DA:2331,24
DA:2332,18
DA:2333,6
DA:2335,24
DA:2336,18
DA:2337,6
DA:2339,24
DA:2340,18
DA:2341,6
DA:2343,24
DA:2344,24
DA:2345,8
DA:2346,5
DA:2349,8
DA:2350,5
DA:2353,8
DA:2354,1
DA:2358,3
DA:2360,8
DA:2361,6
DA:2362,6
DA:2363,6
DA:2364,6
DA:2365,6
DA:2366,6
DA:2371,8
DA:2372,4
DA:2373,4
DA:2374,12
DA:2376,8
DA:2377,4
DA:2378,4
DA:2379,12
DA:2381,8
DA:2382,2
DA:2383,2
DA:2384,6
DA:2386,8
DA:2387,2
DA:2388,2
DA:2389,2
DA:2391,8
DA:2392,2
DA:2393,2
DA:2394,2
DA:2395,2
DA:2396,6
DA:2397,2
DA:2398,2
DA:2399,4
DA:2401,8
DA:2402,3
DA:2403,3
DA:2404,9
DA:2406,24
DA:2407,8
DA:2408,4
DA:2409,4
DA:2410,24
DA:2412,8
DA:2414,3
DA:2417,3
DA:2420,3
DA:2421,6
DA:2422,3
DA:2423,3
DA:2424,3
DA:2425,3
DA:2426,3
DA:2427,6
DA:2428,3
DA:2430,6
DA:2432,5
DA:2433,2
DA:2435,3
DA:2438,9
DA:2441,9
DA:2442,9
DA:2443,9
DA:2444,9
DA:2448,9
DA:2449,18
DA:2452,9
DA:2453,9
DA:2454,9
DA:2455,9
DA:2457,9
DA:2458,3
DA:2460,9
DA:2462,9
DA:2463,3
DA:2464,3
DA:2465,3
DA:2467,9
DA:2469,9
DA:2470,18
DA:2473,9
DA:2474,9
DA:2475,9
DA:2479,8
DA:2480,8
DA:2481,8
DA:2482,8
DA:2484,16
DA:2485,8
DA:2486,8
DA:2487,24
DA:2490,9
DA:2491,9
DA:2492,8
DA:2496,3
DA:2497,3
DA:2498,3
DA:2502,9
DA:2503,9
DA:2504,18
DA:2505,18
DA:2507,18
DA:2508,2
DA:2510,9
DA:2515,9
DA:2516,27
DA:2517,3
DA:2519,18
DA:2520,9
LF:1276
LH:1276
end_of_record
SF:lib/src/flutter/argument_decoders.dart
DA:30,1
DA:50,4
DA:51,5
DA:57,4
DA:58,5
DA:61,1
DA:62,6
DA:81,7
DA:94,4
DA:95,4
DA:98,3
DA:99,3
DA:100,3
DA:108,1
DA:111,1
DA:118,4
DA:119,4
DA:122,1
DA:123,3
DA:124,3
DA:125,3
DA:126,3
DA:142,1
DA:143,3
DA:147,3
DA:148,3
DA:149,3
DA:150,1
DA:170,3
DA:171,9
DA:175,6
DA:176,6
DA:177,6
DA:178,2
DA:194,2
DA:195,2
DA:198,2
DA:199,6
DA:200,6
DA:201,6
DA:213,1
DA:214,1
DA:217,1
DA:218,3
DA:219,3
DA:220,3
DA:221,3
DA:229,6
DA:230,6
DA:234,4
DA:257,1
DA:258,3
DA:260,1
DA:262,1
DA:264,1
DA:265,3
DA:269,1
DA:270,1
DA:271,1
DA:272,3
DA:273,3
DA:275,1
DA:278,2
DA:282,1
DA:287,3
DA:297,1
DA:298,1
DA:301,1
DA:302,3
DA:303,3
DA:304,3
DA:305,3
DA:306,3
DA:307,3
DA:308,3
DA:309,3
DA:310,3
DA:311,3
DA:312,3
DA:313,3
DA:314,3
DA:315,3
DA:316,3
DA:317,3
DA:318,3
DA:319,3
DA:320,3
DA:321,3
DA:333,1
DA:334,1
DA:345,4
DA:346,4
DA:348,4
DA:350,4
DA:352,4
DA:354,4
DA:356,4
DA:358,4
DA:360,4
DA:362,4
DA:364,4
DA:366,4
DA:368,4
DA:370,4
DA:372,4
DA:374,4
DA:376,4
DA:378,4
DA:380,4
DA:382,4
DA:384,4
DA:386,4
DA:388,4
DA:390,4
DA:392,4
DA:394,4
DA:396,4
DA:398,4
DA:400,4
DA:402,4
DA:404,4
DA:406,4
DA:408,4
DA:410,4
DA:412,4
DA:414,4
DA:416,4
DA:418,4
DA:420,4
DA:422,4
DA:424,4
DA:426,4
DA:428,4
DA:430,4
DA:434,2
DA:436,1
DA:439,4
DA:449,3
DA:479,4
DA:480,12
DA:482,4
DA:484,1
DA:485,1
DA:486,3
DA:487,3
DA:488,3
DA:489,3
DA:490,3
DA:491,3
DA:492,3
DA:493,3
DA:495,1
DA:496,1
DA:497,3
DA:498,3
DA:499,4
DA:501,1
DA:502,1
DA:503,3
DA:504,3
DA:505,3
DA:506,3
DA:507,3
DA:510,2
DA:514,1
DA:519,3
DA:534,1
DA:535,1
DA:539,1
DA:541,1
DA:542,6
DA:544,1
DA:547,3
DA:548,3
DA:549,3
DA:550,3
DA:551,3
DA:552,3
DA:563,1
DA:564,1
DA:572,4
DA:573,4
DA:575,4
DA:577,2
DA:592,4
DA:593,12
DA:597,9
DA:598,9
DA:599,9
DA:600,3
DA:620,5
DA:621,5
DA:625,12
DA:626,20
DA:627,4
DA:640,1
DA:641,7
DA:681,1
DA:682,3
DA:684,1
DA:686,1
DA:687,1
DA:688,3
DA:689,3
DA:690,3
DA:691,3
DA:692,3
DA:695,1
DA:696,1
DA:697,3
DA:698,3
DA:699,3
DA:700,3
DA:701,3
DA:702,3
DA:703,3
DA:706,1
DA:707,1
DA:708,3
DA:709,3
DA:710,4
DA:711,3
DA:712,3
DA:713,3
DA:717,2
DA:721,1
DA:726,3
DA:750,1
DA:751,3
DA:753,1
DA:755,1
DA:756,1
DA:757,3
DA:758,3
DA:759,3
DA:760,3
DA:761,3
DA:763,1
DA:764,1
DA:765,3
DA:766,3
DA:767,3
DA:768,3
DA:769,3
DA:772,2
DA:776,1
DA:781,3
DA:800,1
DA:801,3
DA:805,1
DA:807,3
DA:808,3
DA:819,2
DA:820,2
DA:823,1
DA:824,3
DA:825,3
DA:826,3
DA:847,2
DA:848,6
DA:852,4
DA:853,3
DA:855,1
DA:859,1
DA:860,1
DA:862,4
DA:866,6
DA:877,2
DA:878,2
DA:879,2
DA:882,2
DA:883,3
DA:901,4
DA:902,4
DA:906,1
DA:907,1
DA:910,2
DA:911,1
DA:913,2
DA:914,3
DA:917,4
DA:926,4
DA:927,12
DA:931,1
DA:932,3
DA:933,3
DA:934,3
DA:935,3
DA:936,3
DA:937,3
DA:938,3
DA:939,3
DA:940,3
DA:941,3
DA:942,3
DA:943,3
DA:944,3
DA:945,3
DA:946,3
DA:964,1
DA:965,3
DA:967,1
DA:969,1
DA:970,1
DA:971,3
DA:972,3
DA:975,2
DA:979,1
DA:984,3
DA:989,1
DA:990,3
DA:994,3
DA:998,1
DA:1026,2
DA:1027,2
DA:1030,1
DA:1031,3
DA:1033,1
DA:1035,3
DA:1037,1
DA:1039,3
DA:1041,1
DA:1043,3
DA:1045,1
DA:1055,3
DA:1057,1
DA:1059,3
DA:1061,1
DA:1063,3
DA:1065,1
DA:1099,3
DA:1100,9
DA:1104,6
DA:1105,2
DA:1115,2
DA:1116,2
DA:1119,3
DA:1120,3
DA:1121,3
DA:1122,3
DA:1123,1
DA:1169,2
DA:1170,2
DA:1172,5
DA:1174,6
DA:1176,2
DA:1178,2
DA:1179,3
DA:1180,2
DA:1181,1
DA:1182,3
DA:1183,3
DA:1185,2
DA:1186,2
DA:1187,6
DA:1189,1
DA:1190,1
DA:1191,3
DA:1192,3
DA:1194,1
DA:1195,1
DA:1196,3
DA:1197,3
DA:1199,1
DA:1200,1
DA:1201,3
DA:1204,2
DA:1208,1
DA:1213,3
DA:1229,1
DA:1230,3
DA:1232,1
DA:1234,1
DA:1235,1
DA:1236,1
DA:1237,2
DA:1238,3
DA:1239,2
DA:1242,2
DA:1246,1
DA:1251,3
DA:1260,1
DA:1261,1
DA:1274,4
DA:1275,4
DA:1278,1
DA:1279,3
DA:1280,3
DA:1281,3
DA:1282,3
DA:1283,3
DA:1284,3
DA:1285,3
DA:1286,3
DA:1287,3
DA:1300,4
DA:1301,4
DA:1304,1
DA:1305,3
DA:1306,3
DA:1307,3
DA:1323,2
DA:1324,2
DA:1326,1
DA:1328,4
DA:1329,2
DA:1331,2
DA:1333,2
DA:1357,4
DA:1358,4
DA:1361,2
DA:1362,6
DA:1363,6
DA:1364,6
DA:1365,6
DA:1366,6
DA:1367,6
DA:1368,6
DA:1369,4
DA:1370,6
DA:1371,6
DA:1372,6
DA:1373,6
DA:1374,6
DA:1375,6
DA:1376,6
DA:1377,6
DA:1378,6
DA:1379,6
DA:1380,6
DA:1381,6
DA:1382,6
DA:1383,4
DA:1402,1
DA:1403,1
DA:1405,1
DA:1406,1
DA:1407,1
DA:1409,1
DA:1411,1
DA:1414,1
DA:1417,1
DA:1418,3
DA:1419,3
LF:444
LH:444
end_of_record
SF:lib/src/flutter/content.dart
DA:25,7
DA:28,3
DA:29,12
DA:30,3
DA:31,12
DA:33,14
DA:137,7
DA:139,7
DA:159,7
DA:160,10
DA:161,3
DA:162,3
DA:176,3
DA:177,9
DA:178,3
DA:195,2
DA:196,4
DA:200,2
DA:201,4
DA:206,3
DA:207,3
DA:208,3
DA:209,6
DA:210,3
DA:211,3
DA:216,1
DA:217,3
DA:222,8
DA:224,14
DA:233,5
DA:235,6
DA:247,3
DA:248,6
DA:249,2
DA:250,2
DA:251,1
DA:252,3
DA:257,1
DA:258,3
DA:259,2
DA:260,1
DA:261,2
DA:265,3
DA:266,3
DA:267,6
DA:269,3
DA:270,3
DA:272,3
DA:273,3
DA:274,3
DA:275,2
DA:278,2
DA:279,5
DA:280,4
DA:282,4
DA:283,6
DA:284,4
DA:288,2
DA:289,5
DA:290,2
DA:295,1
DA:297,6
DA:299,4
DA:302,2
DA:303,4
DA:304,4
DA:305,6
DA:306,4
DA:307,2
DA:309,4
DA:310,4
DA:313,2
DA:314,4
DA:315,4
DA:316,4
DA:317,4
DA:318,4
DA:321,6
DA:322,10
DA:326,1
DA:327,3
DA:328,2
DA:331,1
DA:332,1
DA:333,3
DA:335,1
DA:336,1
DA:338,3
DA:340,1
DA:341,3
DA:343,4
DA:344,1
DA:346,3
DA:349,3
DA:350,1
DA:353,1
DA:356,3
DA:357,6
DA:358,3
DA:359,9
DA:362,6
DA:363,6
DA:364,3
DA:366,6
DA:369,3
DA:370,4
DA:371,1
DA:375,1
DA:376,2
LF:109
LH:109
end_of_record
SF:lib/src/flutter/core_widgets.dart
DA:230,21
DA:233,14
DA:238,1
DA:239,1
DA:240,2
DA:241,2
DA:242,2
DA:246,1
DA:247,1
DA:248,2
DA:249,2
DA:250,2
DA:251,2
DA:252,2
DA:253,2
DA:254,2
DA:258,1
DA:259,1
DA:260,2
DA:261,2
DA:265,2
DA:266,2
DA:267,4
DA:268,4
DA:269,4
DA:273,1
DA:274,1
DA:275,2
DA:277,2
DA:278,2
DA:282,4
DA:283,4
DA:284,8
DA:285,8
DA:289,2
DA:290,2
DA:291,4
DA:292,4
DA:293,4
DA:294,4
DA:295,4
DA:296,4
DA:297,4
DA:301,4
DA:302,4
DA:303,8
DA:304,8
DA:305,8
DA:306,8
DA:307,8
DA:308,8
DA:309,8
DA:310,8
DA:311,8
DA:312,8
DA:313,8
DA:314,8
DA:315,8
DA:316,8
DA:317,8
DA:318,8
DA:322,1
DA:323,1
DA:324,2
DA:325,2
DA:326,2
DA:327,2
DA:328,2
DA:329,2
DA:330,2
DA:331,2
DA:332,2
DA:333,2
DA:334,2
DA:338,2
DA:339,2
DA:340,4
DA:341,4
DA:345,1
DA:346,1
DA:347,2
DA:348,2
DA:352,1
DA:353,1
DA:354,2
DA:355,2
DA:356,2
DA:357,2
DA:361,1
DA:362,1
DA:363,2
DA:364,2
DA:365,2
DA:366,2
DA:370,3
DA:371,3
DA:372,6
DA:373,9
DA:374,9
DA:375,6
DA:376,6
DA:377,6
DA:378,6
DA:379,6
DA:383,1
DA:384,1
DA:385,2
DA:386,2
DA:388,2
DA:390,2
DA:391,2
DA:392,2
DA:393,3
DA:394,2
DA:395,2
DA:396,2
DA:397,2
DA:398,2
DA:399,2
DA:400,2
DA:401,2
DA:402,2
DA:403,2
DA:407,1
DA:408,1
DA:409,2
DA:410,2
DA:411,2
DA:412,2
DA:413,2
DA:417,1
DA:418,1
DA:419,2
DA:420,2
DA:424,1
DA:425,1
DA:426,2
DA:430,1
DA:431,1
DA:432,2
DA:433,2
DA:434,2
DA:438,1
DA:439,1
DA:440,2
DA:444,2
DA:445,2
DA:446,2
DA:447,2
DA:448,2
DA:450,2
DA:451,2
DA:452,2
DA:453,2
DA:454,2
DA:455,2
DA:456,2
DA:457,2
DA:458,2
DA:462,2
DA:463,2
DA:464,4
DA:465,4
DA:466,4
DA:470,2
DA:471,2
DA:472,4
DA:473,4
DA:475,4
DA:477,4
DA:478,4
DA:479,4
DA:480,4
DA:481,4
DA:482,6
DA:483,4
DA:484,4
DA:485,4
DA:486,4
DA:487,4
DA:488,4
DA:489,4
DA:490,4
DA:491,4
DA:495,1
DA:496,1
DA:497,2
DA:498,2
DA:499,2
DA:500,2
DA:501,2
DA:502,2
DA:506,2
DA:507,2
DA:508,4
DA:509,4
DA:510,4
DA:511,4
DA:512,4
DA:516,4
DA:517,4
DA:518,8
DA:519,8
DA:520,8
DA:521,8
DA:525,1
DA:526,1
DA:527,2
DA:528,2
DA:529,2
DA:530,2
DA:531,2
DA:532,2
DA:533,2
DA:534,2
DA:535,2
DA:536,2
DA:540,1
DA:541,1
DA:542,2
DA:543,2
DA:544,2
DA:545,4
DA:546,2
DA:547,2
DA:548,2
DA:554,2
DA:555,2
DA:556,4
DA:557,4
DA:558,4
DA:559,4
DA:560,4
DA:561,4
DA:562,4
DA:567,1
DA:568,1
DA:569,2
DA:570,2
DA:571,2
DA:572,2
DA:573,4
DA:574,2
DA:575,2
DA:579,1
DA:580,1
DA:581,2
DA:582,2
DA:583,2
DA:584,4
DA:585,2
DA:586,2
DA:587,2
DA:591,1
DA:592,1
DA:593,2
DA:594,2
DA:595,2
DA:596,2
DA:597,2
DA:598,2
DA:599,2
DA:600,2
DA:603,2
DA:607,6
DA:608,6
DA:609,12
DA:610,12
DA:611,12
DA:615,1
DA:616,1
DA:617,2
DA:621,3
DA:622,3
DA:623,6
DA:627,1
DA:628,1
DA:629,2
DA:633,1
DA:634,1
DA:635,2
DA:636,2
DA:637,2
DA:638,2
DA:639,2
DA:643,4
DA:644,8
DA:646,2
DA:647,4
DA:648,4
DA:649,6
DA:651,2
DA:653,8
DA:654,4
DA:656,8
DA:657,8
DA:658,8
DA:659,8
DA:660,8
DA:661,8
DA:662,8
DA:663,1
DA:664,8
DA:665,8
DA:666,8
DA:667,8
DA:671,1
DA:672,1
DA:673,2
DA:674,2
DA:675,2
DA:676,2
DA:677,2
DA:678,2
DA:679,2
DA:680,2
DA:681,2
DA:682,2
LF:318
LH:318
end_of_record
SF:lib/src/flutter/material_widgets.dart
DA:100,6
DA:102,4
DA:106,1
DA:107,1
DA:108,2
DA:109,2
DA:110,2
DA:111,2
DA:112,2
DA:113,2
DA:114,2
DA:115,2
DA:119,1
DA:121,1
DA:122,2
DA:123,2
DA:124,2
DA:125,2
DA:126,2
DA:127,2
DA:128,2
DA:129,2
DA:130,2
DA:131,2
DA:132,2
DA:133,2
DA:134,2
DA:135,2
DA:136,2
DA:137,2
DA:138,2
DA:139,2
DA:140,2
DA:141,2
DA:157,1
DA:158,2
DA:159,2
DA:162,1
DA:163,2
DA:164,2
DA:165,2
DA:166,2
DA:167,2
DA:171,1
DA:172,1
DA:173,1
DA:174,3
DA:175,2
DA:179,1
DA:180,1
DA:181,3
DA:188,3
DA:189,1
DA:195,1
DA:196,1
DA:197,2
DA:198,2
DA:199,2
DA:200,2
DA:202,2
DA:204,2
DA:205,2
DA:209,1
DA:210,1
DA:211,2
DA:212,2
DA:213,2
DA:214,2
DA:215,2
DA:216,2
DA:217,2
DA:218,2
DA:219,2
DA:223,1
DA:225,1
DA:226,2
DA:227,2
DA:228,2
DA:229,2
DA:230,2
DA:231,2
DA:235,1
DA:236,1
DA:237,2
DA:238,2
DA:239,2
DA:240,2
DA:241,2
DA:245,1
DA:246,1
DA:247,2
DA:248,2
DA:249,2
DA:253,1
DA:254,1
DA:255,2
DA:256,2
DA:257,2
DA:258,2
DA:259,2
DA:260,2
DA:264,1
DA:265,2
DA:266,1
DA:268,2
DA:269,2
DA:270,6
DA:271,2
DA:272,2
DA:273,2
DA:277,1
DA:279,6
DA:280,2
DA:281,6
DA:282,2
DA:283,2
DA:284,2
DA:285,2
DA:286,2
DA:287,2
DA:288,2
DA:289,2
DA:290,2
DA:291,2
DA:292,2
DA:293,2
DA:294,2
DA:295,2
DA:296,2
DA:297,2
DA:298,2
DA:299,4
DA:300,2
DA:304,1
DA:306,1
DA:307,2
DA:308,2
DA:309,2
DA:310,2
DA:311,2
DA:315,1
DA:317,1
DA:318,2
DA:319,2
DA:320,2
DA:321,2
DA:322,2
DA:323,2
DA:324,2
DA:325,2
DA:326,2
DA:327,2
DA:328,2
DA:329,2
DA:330,2
DA:331,2
DA:332,2
DA:333,2
DA:334,2
DA:335,2
DA:336,2
DA:337,2
DA:338,2
DA:342,1
DA:344,1
DA:345,2
DA:346,2
DA:347,2
DA:348,2
DA:349,2
DA:350,2
DA:351,2
DA:352,2
DA:353,2
DA:354,2
DA:355,2
DA:356,5
DA:357,2
DA:358,2
DA:359,2
DA:360,4
DA:361,2
DA:362,2
DA:363,2
DA:364,2
DA:365,2
DA:366,2
DA:367,2
DA:368,2
DA:369,2
DA:370,2
DA:371,2
DA:372,2
DA:376,1
DA:378,1
DA:379,2
DA:380,2
DA:381,2
DA:382,2
DA:383,2
DA:384,2
DA:385,2
DA:386,2
DA:387,2
DA:388,2
DA:389,2
DA:390,2
DA:391,2
DA:392,2
DA:393,2
DA:394,2
DA:395,2
DA:396,2
DA:397,2
DA:398,2
DA:399,2
DA:400,2
DA:404,1
DA:406,1
DA:407,2
DA:408,2
DA:409,2
DA:410,2
DA:411,2
DA:412,2
DA:416,1
DA:418,1
DA:419,2
DA:420,2
DA:421,2
DA:422,2
DA:423,2
DA:424,2
DA:425,2
DA:426,2
DA:427,2
DA:428,2
DA:429,2
DA:430,2
DA:431,2
DA:432,2
DA:433,2
DA:434,2
DA:435,2
DA:436,2
DA:437,2
DA:438,2
DA:439,2
DA:440,2
DA:444,1
DA:445,1
DA:446,2
DA:447,2
DA:448,2
DA:449,2
DA:450,2
DA:451,2
DA:452,2
DA:453,2
DA:454,2
DA:455,2
DA:456,2
DA:457,2
DA:461,1
DA:463,1
DA:464,2
DA:465,2
DA:466,2
DA:467,2
DA:468,2
DA:472,1
DA:474,2
DA:475,2
DA:476,1
DA:477,1
DA:478,3
DA:481,2
DA:482,2
DA:483,1
DA:484,2
DA:485,2
DA:486,2
DA:487,2
DA:488,2
DA:489,2
DA:490,2
DA:491,2
DA:492,2
DA:493,2
DA:494,2
DA:495,2
DA:496,2
DA:497,2
DA:498,2
DA:502,1
DA:504,1
DA:505,2
DA:506,2
DA:507,2
DA:508,2
DA:509,2
DA:513,1
DA:514,1
DA:515,2
DA:516,2
DA:517,2
DA:518,2
DA:519,2
LF:308
LH:308
end_of_record
SF:lib/src/flutter/remote_widget.dart
DA:23,7
DA:59,7
DA:60,7
DA:64,7
DA:66,7
DA:67,28
DA:70,3
DA:72,3
DA:73,12
DA:74,3
DA:75,4
DA:79,7
DA:81,28
DA:82,7
DA:85,5
DA:86,10
DA:89,4
DA:90,8
DA:91,12
DA:95,7
DA:97,56
LF:21
LH:21
end_of_record
SF:lib/src/flutter/runtime.dart
DA:54,9
DA:61,1
DA:62,1
DA:188,7
DA:193,7
DA:195,14
DA:210,1
DA:211,2
DA:216,7
DA:235,7
DA:252,7
DA:253,14
DA:254,7
DA:265,1
DA:266,2
DA:267,1
DA:284,1
DA:285,3
DA:291,7
DA:292,14
DA:293,14
DA:294,7
DA:309,7
DA:315,14
DA:317,14
DA:318,7
DA:322,7
DA:326,14
DA:328,7
DA:343,1
DA:344,2
DA:345,2
DA:346,2
DA:353,2
DA:356,2
DA:359,7
DA:360,14
DA:361,7
DA:363,7
DA:364,14
DA:365,7
DA:366,7
DA:367,1
DA:368,3
DA:369,1
DA:372,1
DA:374,2
DA:375,3
DA:376,2
DA:378,4
DA:381,14
DA:386,7
DA:387,14
DA:391,21
DA:392,7
DA:393,14
DA:394,21
DA:395,21
DA:398,14
DA:399,7
DA:400,21
DA:404,14
DA:407,7
DA:408,14
DA:410,21
DA:413,6
DA:415,10
DA:419,3
DA:420,6
DA:425,1
DA:429,2
DA:430,2
DA:447,7
DA:455,7
DA:457,14
DA:458,14
DA:459,1
DA:461,2
DA:462,1
DA:464,21
DA:465,7
DA:467,7
DA:468,2
DA:472,7
DA:473,7
DA:474,7
DA:480,7
DA:481,6
DA:482,2
DA:485,7
DA:486,1
DA:487,1
DA:491,1
DA:492,1
DA:497,21
DA:498,7
DA:499,7
DA:500,7
DA:503,7
DA:505,9
DA:506,3
DA:507,3
DA:508,3
DA:509,6
DA:510,3
DA:511,3
DA:513,4
DA:514,1
DA:517,7
DA:524,7
DA:525,7
DA:527,7
DA:533,7
DA:534,21
DA:542,7
DA:543,1
DA:544,1
DA:546,1
DA:548,3
DA:552,1
DA:553,1
DA:554,2
DA:558,1
DA:563,7
DA:564,7
DA:565,12
DA:567,6
DA:571,6
DA:572,6
DA:573,6
DA:574,12
DA:576,6
DA:585,6
DA:586,4
DA:587,4
DA:588,2
DA:589,2
DA:591,6
DA:592,2
DA:593,4
DA:594,4
DA:595,2
DA:596,2
DA:597,2
DA:598,2
DA:602,2
DA:604,6
DA:605,4
DA:607,6
DA:608,2
DA:610,6
DA:611,5
DA:612,5
DA:613,5
DA:615,5
DA:621,5
DA:623,6
DA:624,3
DA:625,2
DA:626,1
DA:628,2
DA:629,1
DA:631,12
DA:644,6
DA:655,7
DA:667,2
DA:668,2
DA:669,2
DA:670,6
DA:673,2
DA:674,1
DA:675,1
DA:676,3
DA:680,2
DA:681,6
DA:682,1
DA:684,2
DA:685,2
DA:686,4
DA:687,4
DA:688,4
DA:689,2
DA:690,2
DA:693,2
DA:695,2
DA:696,2
DA:697,2
DA:698,2
DA:699,4
DA:700,4
DA:701,2
DA:703,2
DA:704,1
DA:705,1
DA:706,2
DA:707,2
DA:708,2
DA:709,1
DA:710,1
DA:712,2
DA:713,2
DA:714,2
DA:715,4
DA:716,4
DA:717,2
DA:718,2
DA:720,2
DA:721,4
DA:722,4
DA:726,2
DA:727,8
DA:728,2
DA:730,2
DA:731,4
DA:732,1
DA:734,2
DA:735,4
DA:736,1
DA:748,6
DA:757,23
DA:758,6
DA:759,6
DA:760,2
DA:761,2
DA:762,2
DA:763,1
DA:764,1
DA:765,1
DA:770,2
DA:771,4
DA:772,1
DA:773,3
DA:774,1
DA:775,1
DA:776,1
DA:777,1
DA:782,1
DA:783,1
DA:792,1
DA:794,4
DA:796,2
DA:798,5
DA:803,2
DA:804,6
DA:805,2
DA:807,2
DA:809,6
DA:810,12
DA:812,5
DA:814,5
DA:816,5
DA:819,7
DA:829,7
DA:830,2
DA:831,2
DA:832,1
DA:834,2
DA:836,7
DA:837,2
DA:838,0
DA:839,0
DA:841,4
DA:843,7
DA:844,2
DA:845,4
DA:846,2
DA:849,2
DA:852,7
DA:853,2
DA:854,2
DA:855,1
DA:857,3
DA:859,7
DA:860,2
DA:861,4
DA:862,4
DA:865,2
DA:868,7
DA:869,2
DA:870,2
DA:876,4
DA:878,2
DA:885,14
DA:888,6
DA:889,5
DA:890,5
DA:891,10
DA:893,6
DA:894,1
DA:895,1
DA:896,2
DA:901,7
DA:902,14
DA:905,14
DA:908,12
DA:909,6
DA:910,12
DA:913,6
DA:915,6
DA:919,6
DA:921,2
DA:922,2
DA:923,2
DA:926,6
DA:928,12
DA:929,12
DA:930,12
DA:934,5
DA:940,5
DA:941,9
DA:942,4
DA:944,8
DA:947,4
DA:948,3
DA:949,1
DA:951,1
DA:955,1
DA:956,1
DA:958,2
DA:959,2
DA:966,1
DA:967,1
DA:968,3
DA:971,4
DA:972,1
DA:978,7
DA:985,14
DA:986,7
DA:987,10
DA:989,14
DA:990,14
DA:991,14
DA:995,7
DA:1001,7
DA:1004,14
DA:1021,1
DA:1022,4
DA:1026,7
DA:1031,7
DA:1033,3
DA:1034,3
DA:1036,6
DA:1044,7
DA:1055,14
DA:1060,1
DA:1066,1
DA:1070,1
DA:1081,2
DA:1084,1
DA:1085,3
DA:1089,2
DA:1094,2
DA:1098,2
DA:1109,2
DA:1110,2
DA:1116,2
DA:1117,2
DA:1119,3
DA:1122,1
DA:1123,3
DA:1127,7
DA:1145,7
DA:1146,7
DA:1154,7
DA:1156,7
DA:1157,7
DA:1160,6
DA:1162,6
DA:1163,24
DA:1164,6
DA:1166,48
DA:1167,6
DA:1171,7
DA:1173,7
DA:1174,7
DA:1177,7
DA:1178,35
DA:1179,7
DA:1180,4
DA:1181,6
DA:1183,7
DA:1185,21
DA:1186,7
DA:1187,8
DA:1191,1
DA:1192,3
DA:1195,1
DA:1196,2
DA:1197,1
DA:1199,1
DA:1200,2
DA:1201,1
DA:1202,1
DA:1203,1
DA:1204,3
DA:1206,1
DA:1207,3
DA:1209,3
DA:1210,1
DA:1212,2
DA:1214,1
DA:1215,1
DA:1216,3
DA:1218,3
DA:1219,3
DA:1221,3
DA:1222,1
DA:1224,1
DA:1227,3
DA:1229,1
DA:1231,3
DA:1239,7
DA:1240,16
DA:1241,2
DA:1243,14
DA:1244,14
DA:1247,7
DA:1249,33
DA:1250,7
DA:1251,7
DA:1254,3
DA:1256,3
DA:1257,3
DA:1258,3
DA:1261,5
DA:1263,5
DA:1264,5
DA:1265,5
DA:1266,10
DA:1267,5
DA:1270,6
DA:1274,6
DA:1276,6
DA:1277,6
DA:1280,5
DA:1282,5
DA:1283,5
DA:1284,32
DA:1286,5
DA:1289,7
DA:1291,7
DA:1292,7
DA:1293,48
DA:1298,4
DA:1300,4
DA:1301,4
DA:1302,8
DA:1303,8
DA:1304,4
DA:1305,4
DA:1306,4
DA:1307,4
DA:1308,4
DA:1309,28
DA:1311,5
DA:1315,3
DA:1318,1
DA:1319,5
DA:1323,1
DA:1325,1
DA:1328,0
DA:1330,0
DA:1333,1
DA:1338,1
DA:1339,1
DA:1340,1
DA:1341,1
DA:1342,1
DA:1343,2
DA:1344,2
DA:1345,2
DA:1350,0
DA:1353,6
DA:1355,19
DA:1358,6
DA:1360,6
DA:1361,6
DA:1362,5
DA:1363,5
DA:1364,2
DA:1366,6
DA:1367,10
DA:1368,5
DA:1369,9
DA:1370,8
DA:1371,4
DA:1372,4
DA:1374,12
DA:1376,16
DA:1377,1
DA:1378,3
DA:1379,6
DA:1394,7
DA:1395,7
DA:1396,14
DA:1397,4
DA:1400,14
DA:1402,7
DA:1403,21
DA:1405,7
DA:1406,7
DA:1407,7
DA:1410,9
DA:1411,2
DA:1413,14
DA:1416,14
DA:1417,7
DA:1421,4
DA:1422,8
DA:1423,12
DA:1427,2
DA:1428,2
DA:1430,4
DA:1431,6
DA:1432,4
DA:1434,2
DA:1436,4
DA:1437,2
DA:1440,1
DA:1441,1
DA:1442,3
DA:1443,2
DA:1447,2
DA:1448,1
DA:1451,1
DA:1452,1
DA:1454,2
DA:1455,3
DA:1458,3
DA:1462,1
DA:1463,2
DA:1465,2
DA:1467,2
DA:1468,1
DA:1471,2
DA:1472,4
DA:1473,3
DA:1474,2
DA:1479,7
DA:1482,21
DA:1485,14
DA:1486,14
DA:1487,7
DA:1488,7
DA:1489,7
DA:1490,7
DA:1494,1
DA:1496,1
DA:1497,6
DA:1507,14
DA:1509,7
DA:1510,28
DA:1516,4
DA:1518,4
DA:1519,12
DA:1520,12
DA:1523,7
DA:1524,28
DA:1528,2
DA:1529,10
DA:1537,4
DA:1540,2
DA:1541,6
DA:1542,2
DA:1545,2
DA:1546,4
DA:1549,2
DA:1550,8
DA:1554,3
DA:1555,6
DA:1557,3
DA:1560,3
LF:572
LH:567
end_of_record
