SF:lib\src\router.dart
DA:42,24
DA:48,21
DA:123,21
DA:142,21
DA:143,21
DA:144,21
DA:169,22
DA:186,22
DA:188,22
DA:191,22
DA:194,44
DA:195,22
DA:196,22
DA:199,22
DA:200,22
DA:202,21
DA:204,66
DA:205,44
DA:206,22
DA:214,1
DA:215,1
DA:216,2
DA:218,2
DA:224,44
DA:226,22
DA:229,44
DA:230,22
DA:235,44
DA:236,22
DA:240,22
DA:241,22
DA:247,21
DA:248,21
DA:251,44
DA:252,44
DA:254,22
DA:296,1
DA:298,5
DA:321,3
DA:325,6
DA:331,12
DA:339,12
DA:340,24
DA:341,24
DA:345,2
DA:346,6
DA:347,4
DA:348,4
DA:356,4
DA:364,4
DA:371,0
DA:372,0
DA:376,3
DA:391,7
DA:392,14
DA:393,14
DA:395,14
DA:402,1
DA:408,1
DA:409,1
DA:423,1
DA:425,2
DA:426,2
DA:428,2
DA:440,1
DA:446,1
DA:447,1
DA:463,3
DA:464,6
DA:465,6
DA:467,6
DA:483,2
DA:489,2
DA:490,2
DA:500,8
DA:501,16
DA:502,40
DA:504,8
DA:505,16
DA:509,0
DA:510,0
DA:511,0
DA:513,0
DA:514,0
DA:520,12
DA:521,12
DA:522,12
DA:529,12
DA:531,12
DA:532,12
DA:533,12
DA:537,21
DA:538,63
DA:539,42
DA:540,42
DA:543,22
DA:544,22
DA:549,22
DA:550,66
DA:552,22
DA:555,1
DA:557,1
DA:560,22
DA:563,19
DA:573,21
DA:574,21
DA:579,20
LF:107
LH:100
end_of_record
SF:lib\src\builder.dart
DA:52,22
DA:98,21
DA:103,25
DA:108,105
DA:109,42
DA:111,21
DA:112,42
DA:113,21
DA:114,21
DA:115,21
DA:117,21
DA:118,21
DA:119,21
DA:120,21
DA:127,21
DA:156,21
DA:157,21
DA:166,18
DA:168,18
DA:169,72
DA:170,18
DA:174,21
DA:176,21
DA:178,21
DA:179,42
DA:180,40
DA:181,2
DA:182,2
DA:184,0
DA:189,21
DA:192,21
DA:194,42
DA:195,42
DA:196,21
DA:199,21
DA:200,21
DA:201,21
DA:203,21
DA:205,21
DA:206,63
DA:207,16
DA:209,63
DA:210,21
DA:214,21
DA:215,21
DA:216,21
DA:217,105
DA:220,21
DA:221,42
DA:222,21
DA:225,21
DA:226,21
DA:227,37
DA:228,2
DA:230,21
DA:232,8
DA:233,8
DA:235,0
DA:239,21
DA:240,42
DA:242,105
DA:244,3
DA:245,3
DA:250,42
DA:255,21
DA:256,42
DA:257,21
DA:262,8
DA:267,40
DA:268,8
DA:269,8
DA:270,8
DA:273,16
DA:275,8
DA:276,8
DA:278,16
DA:281,8
DA:282,16
DA:283,16
DA:285,16
DA:287,16
DA:288,16
DA:293,16
DA:294,2
DA:299,8
DA:302,8
DA:303,8
DA:304,16
DA:314,21
DA:316,21
DA:317,21
DA:320,21
DA:322,21
DA:323,20
DA:324,20
DA:325,20
DA:326,9
DA:327,1
DA:328,1
DA:329,1
DA:330,1
DA:331,0
DA:333,0
DA:334,0
DA:341,0
DA:348,0
DA:349,0
DA:353,21
DA:354,21
DA:358,21
DA:364,21
DA:365,42
DA:366,21
DA:367,40
DA:368,21
DA:369,21
DA:370,42
DA:372,42
DA:377,4
DA:378,8
DA:379,4
DA:380,8
DA:381,4
DA:382,8
DA:383,4
DA:384,4
DA:385,4
DA:386,12
DA:387,4
DA:392,4
DA:393,4
DA:394,8
DA:400,4
DA:401,8
DA:402,8
DA:403,0
DA:404,4
DA:408,2
DA:409,6
DA:413,8
DA:414,8
DA:415,16
DA:416,24
DA:419,21
DA:421,21
DA:422,21
DA:424,21
DA:425,21
DA:426,21
DA:427,21
DA:428,21
DA:429,21
DA:430,42
DA:431,42
DA:432,21
DA:433,42
DA:434,21
LF:157
LH:148
end_of_record
SF:lib\src\configuration.dart
DA:26,23
DA:31,23
DA:32,69
DA:35,23
DA:36,46
DA:38,23
DA:40,69
DA:41,1
DA:43,50
DA:44,1
DA:47,10
DA:50,46
DA:57,23
DA:59,46
DA:60,23
DA:61,23
DA:66,11
DA:71,5
DA:72,5
DA:73,5
DA:76,15
DA:80,23
DA:81,23
DA:82,23
DA:87,10
DA:88,10
DA:89,10
DA:90,30
DA:92,7
DA:93,14
DA:95,21
DA:97,0
DA:99,7
DA:100,7
DA:101,7
DA:103,7
DA:112,23
DA:114,46
DA:115,23
DA:118,28
DA:119,5
DA:120,0
DA:121,0
DA:122,0
DA:124,5
DA:126,46
DA:127,69
DA:134,23
DA:135,46
DA:136,23
DA:137,14
DA:138,7
DA:141,7
DA:143,7
DA:145,7
DA:149,21
DA:153,2
DA:155,3
DA:156,1
DA:158,1
DA:159,1
DA:161,4
DA:162,2
DA:163,2
DA:166,2
DA:167,1
DA:173,46
DA:179,6
DA:184,6
DA:193,23
DA:194,46
DA:195,46
DA:196,23
DA:197,46
DA:198,23
DA:199,69
DA:200,46
DA:201,46
DA:202,46
DA:203,46
DA:208,21
DA:209,21
DA:211,21
DA:214,21
DA:215,21
DA:216,42
DA:217,21
DA:219,42
DA:227,4
DA:230,0
DA:233,0
DA:254,7
DA:259,14
DA:260,14
DA:262,9
DA:263,10
DA:265,7
DA:266,16
DA:267,12
DA:268,12
DA:270,6
DA:271,6
DA:272,8
DA:273,4
DA:274,1
DA:278,8
DA:279,5
DA:282,6
DA:283,6
DA:284,6
DA:285,8
DA:287,6
DA:288,6
DA:290,6
DA:291,6
DA:295,22
DA:296,44
DA:298,22
DA:300,22
DA:302,22
DA:303,6
DA:305,12
DA:309,22
DA:317,1
DA:319,4
DA:322,2
DA:323,0
DA:324,0
DA:325,0
DA:326,0
DA:327,0
DA:328,0
DA:333,22
DA:335,88
DA:336,22
DA:337,22
DA:342,22
DA:351,21
DA:354,21
DA:355,42
DA:356,21
DA:359,3
DA:360,3
DA:362,3
DA:365,3
DA:368,3
DA:375,21
DA:378,4
DA:379,4
DA:381,4
DA:385,4
DA:388,4
DA:397,21
DA:398,42
DA:399,42
DA:400,4
DA:405,21
DA:407,21
DA:408,21
DA:411,0
DA:414,21
DA:416,84
DA:418,21
DA:421,21
DA:422,21
DA:424,1
DA:427,21
DA:428,21
DA:430,0
DA:433,21
DA:439,42
DA:442,4
DA:443,4
DA:445,2
DA:446,2
DA:447,4
DA:448,8
DA:450,4
DA:452,4
DA:453,4
DA:455,0
DA:458,5
DA:464,5
DA:465,5
DA:467,1
DA:468,3
DA:469,1
DA:476,5
DA:481,5
DA:482,1
DA:483,2
DA:485,1
DA:486,1
DA:488,25
DA:489,0
DA:490,0
DA:492,0
DA:493,0
DA:496,5
DA:498,10
DA:501,1
DA:503,1
DA:504,3
DA:505,1
DA:512,7
DA:513,28
DA:515,0
DA:517,0
DA:524,23
DA:526,23
DA:527,23
DA:528,23
DA:529,69
DA:531,46
DA:532,7
DA:533,21
DA:534,28
DA:538,23
DA:541,23
DA:543,92
DA:545,46
DA:547,92
DA:549,23
DA:550,46
DA:552,115
DA:553,46
DA:554,23
DA:555,10
DA:556,20
DA:558,46
DA:562,23
DA:568,33
DA:571,10
DA:573,10
DA:576,9
DA:578,9
DA:582,46
DA:583,46
DA:585,34
DA:589,23
DA:590,46
DA:591,23
DA:592,46
DA:594,23
DA:595,7
DA:597,22
DA:599,2
DA:600,14
DA:603,46
DA:604,20
DA:606,10
DA:607,20
DA:608,20
DA:626,23
DA:627,23
LF:255
LH:234
end_of_record
SF:lib\src\delegate.dart
DA:22,22
DA:32,44
DA:39,22
DA:53,3
DA:55,6
DA:59,3
DA:62,9
DA:63,3
DA:64,9
DA:65,2
DA:67,6
DA:69,6
DA:71,2
DA:74,9
DA:75,5
DA:76,2
DA:77,2
DA:78,3
DA:85,2
DA:86,6
DA:89,6
DA:90,2
DA:91,3
DA:94,2
DA:100,8
DA:102,24
DA:103,14
DA:105,24
DA:106,8
DA:107,12
DA:108,2
DA:110,8
DA:113,1
DA:115,7
DA:118,8
DA:120,16
DA:126,8
DA:128,8
DA:129,0
DA:130,0
DA:133,8
DA:134,15
DA:135,7
DA:136,7
DA:143,2
DA:144,2
DA:145,2
DA:146,3
DA:149,1
DA:155,8
DA:157,8
DA:158,4
DA:160,8
DA:161,5
DA:163,24
DA:164,8
DA:165,16
DA:166,8
DA:168,8
DA:172,63
DA:179,21
DA:181,42
DA:183,21
DA:184,21
DA:191,21
DA:193,42
DA:194,4
DA:197,46
DA:199,42
DA:202,17
DA:203,51
DA:204,17
DA:205,17
DA:209,17
DA:210,34
DA:211,17
DA:212,17
DA:217,11
DA:218,17
DA:219,17
DA:222,28
DA:223,34
DA:224,17
DA:229,34
DA:231,22
DA:232,11
DA:233,22
DA:236,22
DA:238,1
DA:240,11
DA:245,21
DA:252,11
DA:257,11
DA:258,11
DA:260,11
DA:261,11
DA:262,11
DA:263,10
DA:264,10
DA:270,1
DA:272,1
DA:273,1
DA:278,1
DA:281,2
DA:283,3
DA:285,1
DA:286,1
DA:288,1
DA:291,21
DA:292,21
DA:293,21
DA:294,21
LF:112
LH:110
end_of_record
SF:lib\src\information_provider.dart
DA:45,23
DA:51,78
DA:53,69
DA:78,23
DA:83,23
DA:84,23
DA:85,23
DA:88,23
DA:89,25
DA:94,44
DA:95,46
DA:96,46
DA:98,21
DA:104,42
DA:107,21
DA:108,21
DA:109,21
DA:110,21
DA:113,63
DA:114,0
DA:116,0
DA:119,21
DA:120,21
DA:121,21
DA:122,21
DA:125,42
DA:128,22
DA:129,22
DA:132,17
DA:134,17
DA:137,17
DA:138,17
DA:141,17
DA:142,51
DA:144,17
DA:149,7
DA:151,7
DA:152,7
DA:154,7
DA:161,7
DA:165,13
DA:166,13
DA:168,13
DA:176,2
DA:177,2
DA:178,4
DA:179,2
DA:180,2
DA:189,1
DA:191,1
DA:192,1
DA:194,1
DA:201,1
DA:205,3
DA:207,3
DA:208,3
DA:210,3
DA:217,3
DA:222,2
DA:223,4
DA:226,2
DA:227,2
DA:229,4
DA:230,2
DA:231,2
DA:233,4
DA:235,2
DA:238,22
DA:242,22
DA:243,88
DA:244,21
DA:245,84
DA:246,21
DA:247,84
DA:248,63
DA:251,22
DA:253,22
DA:254,44
DA:256,22
DA:259,21
DA:261,21
DA:262,21
DA:263,42
DA:267,21
DA:269,21
DA:270,2
DA:272,23
DA:273,21
DA:276,2
DA:278,2
DA:279,2
DA:280,2
LF:92
LH:90
end_of_record
SF:lib\src\match.dart
DA:29,23
DA:62,23
DA:68,23
DA:71,23
DA:76,23
DA:88,23
DA:99,23
DA:100,11
DA:109,23
DA:110,23
DA:120,0
DA:125,23
DA:127,5
DA:128,10
DA:130,5
DA:131,5
DA:136,11
DA:147,22
DA:149,11
DA:152,22
DA:153,11
DA:154,11
DA:163,11
DA:164,22
DA:165,11
DA:169,11
DA:172,11
DA:176,11
DA:178,33
DA:181,44
DA:189,23
DA:200,46
DA:202,23
DA:205,23
DA:210,23
DA:214,29
DA:215,12
DA:216,46
DA:218,23
DA:219,46
DA:220,92
DA:222,23
DA:224,23
DA:225,23
DA:226,23
DA:229,23
DA:234,57
DA:235,38
DA:237,38
DA:238,57
DA:241,29
DA:242,10
DA:251,10
DA:255,10
DA:261,10
DA:262,30
DA:264,10
DA:267,10
DA:272,6
DA:274,6
DA:275,18
DA:285,23
DA:301,19
DA:303,57
DA:306,19
DA:307,57
DA:308,45
DA:309,45
DA:312,7
DA:313,28
DA:315,21
DA:318,21
DA:320,21
DA:321,21
DA:322,21
DA:323,21
DA:324,21
DA:325,42
DA:326,42
DA:327,21
DA:328,42
DA:339,11
DA:345,22
DA:350,9
DA:351,18
DA:352,9
DA:353,6
DA:370,8
DA:374,8
DA:375,8
DA:376,3
DA:378,8
DA:380,8
DA:381,8
DA:382,8
DA:383,8
DA:384,8
DA:385,8
DA:386,16
DA:394,5
DA:398,5
DA:399,0
DA:400,5
DA:401,5
DA:402,5
DA:403,5
DA:407,4
DA:409,4
DA:410,12
DA:411,12
DA:412,12
DA:413,9
DA:416,1
DA:418,6
DA:424,10
DA:426,10
DA:427,10
DA:428,10
DA:431,10
DA:432,10
DA:433,1
DA:434,0
DA:436,20
DA:439,10
DA:440,10
DA:441,2
DA:443,20
DA:454,5
DA:455,10
DA:458,8
DA:461,16
DA:464,7
DA:466,7
DA:467,21
DA:468,21
DA:469,7
DA:472,1
DA:473,5
DA:484,24
DA:490,24
DA:493,66
DA:495,22
DA:557,24
DA:558,24
DA:561,93
DA:563,7
DA:566,23
DA:567,46
DA:568,10
DA:569,20
DA:571,0
DA:574,23
DA:575,46
DA:577,24
DA:581,63
DA:584,63
DA:588,9
DA:589,18
DA:590,4
DA:592,9
DA:593,9
DA:594,9
DA:595,18
DA:601,9
DA:606,9
DA:607,18
DA:608,3
DA:609,15
DA:610,9
DA:612,3
DA:613,3
DA:615,3
DA:616,6
DA:617,6
DA:623,27
DA:627,9
DA:629,9
DA:630,3
DA:631,3
DA:632,9
DA:638,36
DA:644,9
DA:646,18
DA:647,18
DA:651,9
DA:652,18
DA:653,5
DA:658,7
DA:659,7
DA:660,7
DA:662,7
DA:663,23
DA:664,4
DA:667,21
DA:668,7
DA:686,9
DA:689,27
DA:690,9
DA:691,9
DA:693,9
DA:694,16
DA:695,22
DA:698,1
DA:700,9
DA:702,2
DA:704,4
DA:705,4
DA:710,2
DA:711,2
DA:712,4
DA:727,22
DA:728,66
DA:729,44
DA:731,27
DA:739,21
DA:740,42
DA:743,21
DA:747,46
DA:750,1
DA:751,1
DA:752,2
DA:753,2
DA:763,22
DA:765,44
DA:768,22
DA:770,44
DA:771,22
DA:774,22
DA:775,20
DA:783,13
DA:789,13
DA:790,0
DA:791,13
DA:792,13
DA:793,13
DA:794,13
DA:797,22
DA:799,66
DA:802,22
DA:803,66
DA:804,39
DA:805,36
DA:806,36
DA:808,33
DA:811,7
DA:813,7
DA:814,14
DA:815,7
DA:816,7
DA:817,7
DA:818,7
DA:819,23
DA:820,6
DA:825,6
DA:827,6
DA:828,18
DA:830,18
DA:841,22
DA:842,22
DA:843,22
DA:863,22
DA:866,21
DA:869,21
DA:870,42
DA:871,21
DA:872,8
DA:878,37
DA:879,40
DA:880,16
DA:881,21
DA:883,84
DA:887,21
DA:890,42
DA:891,1
DA:894,3
DA:899,40
DA:900,1
DA:901,2
DA:902,2
DA:903,1
DA:908,20
DA:914,21
DA:915,21
DA:916,21
DA:918,21
DA:919,8
DA:926,22
DA:930,4
DA:933,4
DA:935,4
DA:938,8
DA:940,3
DA:941,6
DA:943,2
DA:944,2
DA:947,8
DA:950,4
DA:953,6
DA:955,2
DA:956,2
DA:957,2
DA:958,2
DA:962,2
DA:965,2
LF:304
LH:299
end_of_record
SF:lib\src\misc\errors.dart
DA:8,1
DA:13,0
DA:14,0
DA:20,7
DA:25,3
DA:26,6
LF:6
LH:4
end_of_record
SF:lib\src\misc\extensions.dart
DA:15,1
DA:23,2
DA:24,0
DA:29,4
DA:30,8
DA:33,1
DA:40,2
DA:56,2
DA:57,4
DA:60,2
DA:66,4
DA:74,0
DA:78,3
DA:89,0
DA:90,0
DA:99,0
DA:105,0
DA:122,0
DA:123,0
DA:136,1
DA:142,2
LF:21
LH:13
end_of_record
SF:lib\src\misc\inherited_router.dart
DA:16,21
DA:25,2
DA:27,2
DA:28,6
DA:31,19
LF:5
LH:5
end_of_record
SF:lib\src\pages\custom_transition_page.dart
DA:16,2
DA:105,1
DA:107,1
DA:111,1
DA:112,1
DA:114,2
DA:116,1
DA:117,2
DA:119,1
DA:120,2
DA:122,1
DA:123,2
DA:125,1
DA:126,2
DA:128,1
DA:129,2
DA:131,1
DA:132,2
DA:134,0
DA:135,0
DA:137,1
DA:138,2
DA:140,1
DA:146,1
DA:149,2
DA:152,1
DA:159,3
DA:170,1
DA:176,0
DA:182,1
LF:30
LH:27
end_of_record
SF:lib\src\parser.dart
DA:33,22
DA:36,22
DA:58,21
DA:63,42
DA:64,21
DA:66,21
DA:71,6
DA:72,6
DA:73,6
DA:74,3
DA:77,0
DA:84,42
DA:85,0
DA:86,0
DA:87,0
DA:89,0
DA:90,0
DA:92,0
DA:94,0
DA:97,42
DA:98,42
DA:99,21
DA:102,21
DA:103,20
DA:106,42
DA:109,42
DA:110,26
DA:113,2
DA:116,42
DA:117,21
DA:118,84
DA:119,3
DA:122,21
DA:123,21
DA:125,21
DA:126,21
DA:127,21
DA:132,0
DA:135,0
DA:140,21
DA:142,21
DA:147,6
DA:148,6
DA:149,4
DA:151,2
DA:152,3
DA:153,2
DA:159,2
DA:160,6
DA:164,21
DA:165,63
DA:166,42
DA:170,21
DA:172,21
DA:173,42
DA:174,21
DA:175,21
DA:180,21
DA:187,21
DA:188,7
DA:189,7
DA:190,7
DA:195,21
DA:196,1
DA:197,2
DA:198,1
DA:199,1
DA:204,21
DA:205,3
DA:206,6
DA:207,3
DA:208,3
DA:213,21
DA:215,2
DA:217,10
DA:223,7
DA:224,14
DA:225,35
LF:78
LH:68
end_of_record
SF:lib\src\route.dart
DA:154,25
DA:228,7
DA:229,7
DA:230,28
DA:233,6
DA:235,6
DA:236,6
DA:237,0
DA:238,0
DA:263,25
DA:273,50
DA:274,32
DA:275,25
DA:277,25
DA:279,25
DA:281,100
DA:287,71
DA:453,23
DA:454,46
DA:457,23
DA:458,46
DA:463,6
DA:465,6
DA:466,18
DA:467,18
DA:468,18
DA:469,6
DA:470,12
DA:478,12
DA:482,12
DA:484,12
DA:486,24
DA:488,24
DA:489,10
DA:491,24
DA:494,4
DA:521,8
DA:644,12
DA:653,24
DA:654,9
DA:655,12
DA:656,24
DA:657,12
DA:658,24
DA:660,12
DA:679,8
DA:682,8
DA:684,32
DA:685,16
DA:690,8
DA:693,8
DA:695,4
DA:696,2
DA:716,9
DA:718,18
DA:719,9
DA:722,0
DA:724,0
DA:725,0
DA:726,0
DA:806,7
DA:814,14
DA:815,7
DA:817,28
DA:819,7
DA:820,7
DA:821,14
DA:833,7
DA:840,7
DA:906,6
DA:909,6
DA:910,18
DA:915,6
DA:918,6
DA:919,4
DA:920,2
DA:925,7
DA:927,14
DA:928,21
DA:929,7
DA:930,7
DA:933,1
DA:934,4
DA:936,6
DA:938,6
DA:940,6
DA:941,6
DA:943,6
DA:945,6
DA:946,6
DA:949,7
DA:950,28
DA:952,7
DA:954,7
DA:955,21
DA:957,7
DA:959,14
DA:960,14
DA:961,7
DA:962,14
DA:963,3
DA:970,7
DA:973,21
DA:974,7
DA:975,7
DA:977,2
DA:985,1
DA:987,1
DA:988,2
DA:989,1
DA:1011,7
DA:1017,6
DA:1018,14
DA:1019,7
DA:1020,14
DA:1022,7
DA:1057,7
DA:1058,28
DA:1087,6
DA:1091,18
DA:1093,6
DA:1094,6
DA:1095,6
DA:1096,6
DA:1098,12
DA:1115,18
DA:1126,1
DA:1128,2
DA:1130,2
DA:1132,1
DA:1134,0
DA:1144,1
DA:1146,2
DA:1147,2
DA:1148,1
DA:1154,1
DA:1155,1
DA:1156,2
DA:1157,2
DA:1158,3
DA:1159,1
DA:1160,3
DA:1164,6
DA:1165,6
DA:1168,0
DA:1170,0
DA:1171,0
DA:1178,0
DA:1180,0
DA:1184,6
DA:1186,12
DA:1187,18
DA:1188,12
DA:1199,18
DA:1201,18
DA:1206,6
DA:1207,12
DA:1212,3
DA:1213,3
DA:1214,1
DA:1215,7
DA:1218,6
DA:1220,18
DA:1222,18
DA:1224,3
DA:1225,3
DA:1231,1
DA:1232,6
DA:1238,6
DA:1239,18
DA:1242,6
DA:1243,6
DA:1244,12
DA:1245,6
DA:1246,18
DA:1247,6
DA:1251,12
DA:1254,4
DA:1259,6
DA:1260,30
DA:1261,12
DA:1263,12
DA:1266,6
DA:1267,6
DA:1268,6
DA:1270,18
DA:1274,6
DA:1276,18
DA:1277,24
DA:1284,0
DA:1293,1
DA:1294,6
DA:1296,1
DA:1297,1
DA:1298,2
DA:1300,4
DA:1304,6
DA:1306,6
DA:1307,6
DA:1310,6
DA:1312,6
DA:1313,18
DA:1314,18
DA:1318,6
DA:1320,24
DA:1323,3
DA:1325,3
DA:1326,3
DA:1329,6
DA:1331,12
DA:1332,18
DA:1333,6
DA:1335,6
DA:1336,18
DA:1337,6
DA:1339,24
DA:1345,6
DA:1346,6
DA:1350,12
DA:1352,6
DA:1353,12
DA:1354,6
DA:1355,6
DA:1359,3
DA:1361,3
DA:1364,3
DA:1365,3
DA:1367,1
DA:1370,1
DA:1371,2
DA:1374,1
DA:1376,2
DA:1377,3
DA:1394,6
DA:1403,6
DA:1404,6
DA:1412,6
DA:1414,6
DA:1415,30
DA:1418,6
DA:1425,6
DA:1432,6
DA:1434,6
DA:1435,12
DA:1436,18
DA:1437,6
DA:1439,12
DA:1442,6
DA:1444,6
DA:1446,6
LF:250
LH:237
end_of_record
SF:lib\src\route_data.dart
DA:18,1
DA:31,1
DA:39,0
DA:40,0
DA:55,1
DA:64,1
DA:69,0
DA:74,0
DA:75,0
DA:76,0
DA:79,0
DA:81,0
DA:86,1
DA:93,1
DA:94,1
DA:98,1
DA:102,3
DA:105,1
DA:106,2
DA:108,1
DA:109,2
DA:111,1
DA:112,2
DA:114,0
DA:115,0
DA:117,1
DA:131,3
DA:142,1
DA:145,1
DA:153,0
DA:158,0
DA:168,1
DA:173,1
DA:181,1
DA:182,3
DA:185,1
DA:186,2
DA:188,1
DA:193,2
DA:199,1
DA:204,2
DA:210,1
DA:224,2
DA:225,1
DA:234,1
DA:242,1
DA:245,1
DA:253,0
DA:258,0
DA:265,1
DA:272,1
DA:273,3
DA:276,1
DA:281,2
DA:287,1
DA:292,2
DA:298,1
DA:299,2
DA:302,0
DA:312,1
DA:324,2
DA:325,1
DA:334,0
DA:339,1
DA:346,1
DA:359,0
DA:366,0
DA:397,0
DA:412,0
DA:426,0
DA:440,27
DA:442,0
DA:444,0
LF:73
LH:50
end_of_record
SF:lib\src\state.dart
DA:18,21
DA:49,0
DA:123,1
DA:127,1
DA:129,0
DA:131,1
DA:132,1
DA:134,1
DA:136,0
DA:138,1
DA:139,1
DA:140,1
DA:145,1
DA:147,0
DA:149,1
DA:153,0
DA:161,1
DA:168,2
DA:175,0
DA:176,0
DA:181,1
DA:183,1
DA:184,3
DA:185,3
DA:186,3
DA:187,3
DA:188,3
DA:189,3
DA:190,3
DA:191,3
DA:192,3
DA:195,0
DA:196,0
DA:197,0
DA:198,0
DA:199,0
DA:200,0
DA:201,0
DA:202,0
DA:203,0
DA:204,0
DA:205,0
DA:217,21
DA:221,21
DA:231,21
DA:241,1
DA:243,3
DA:244,2
DA:247,2
DA:250,2
DA:254,3
DA:258,2
DA:259,2
DA:260,2
DA:262,1
DA:264,2
DA:265,2
DA:266,2
DA:268,3
DA:269,2
DA:273,21
DA:276,63
DA:278,42
DA:279,63
DA:281,2
DA:283,2
DA:284,4
DA:289,84
DA:293,63
DA:294,21
DA:300,18
DA:307,1
LF:72
LH:54
end_of_record
SF:lib\src\logging.dart
DA:13,3
DA:19,23
DA:21,2
DA:28,22
DA:29,1
DA:35,4
DA:39,2
DA:40,0
DA:41,0
DA:42,0
DA:43,0
DA:44,0
DA:45,0
DA:46,0
DA:50,2
DA:55,1
DA:56,1
DA:57,1
DA:58,1
DA:59,1
DA:60,2
DA:61,1
DA:62,1
DA:63,1
DA:64,1
DA:73,1
LF:26
LH:19
end_of_record
SF:lib\src\misc\error_screen.dart
DA:12,3
DA:19,2
DA:20,2
DA:21,2
DA:22,2
DA:24,2
DA:30,5
DA:32,2
DA:33,2
DA:46,2
DA:56,2
DA:57,2
DA:63,2
DA:65,2
DA:66,4
DA:67,2
DA:68,2
DA:72,2
DA:73,2
DA:74,4
DA:75,2
DA:77,2
DA:78,4
LF:23
LH:23
end_of_record
SF:lib\src\pages\cupertino.dart
DA:11,1
DA:12,1
DA:15,1
DA:16,1
DA:19,1
DA:26,1
DA:37,2
DA:42,1
DA:43,1
DA:46,1
DA:47,1
DA:49,1
DA:50,3
DA:51,1
DA:52,2
LF:15
LH:15
end_of_record
SF:lib\src\pages\material.dart
DA:12,21
DA:13,21
DA:16,20
DA:17,20
DA:20,20
DA:27,20
DA:38,5
DA:43,4
DA:44,4
DA:45,4
DA:46,4
DA:47,4
DA:49,4
DA:50,12
DA:51,4
DA:52,2
LF:16
LH:16
end_of_record
SF:lib\src\path_utils.dart
DA:8,78
DA:26,26
DA:27,26
DA:29,59
DA:30,14
DA:31,24
DA:33,7
DA:34,7
DA:36,0
DA:37,7
DA:38,7
DA:39,7
DA:40,7
DA:43,52
DA:44,78
DA:47,26
DA:48,23
DA:50,52
DA:53,0
DA:54,0
DA:55,0
DA:57,0
DA:74,24
DA:75,24
DA:77,55
DA:78,14
DA:79,18
DA:81,7
DA:82,14
DA:83,7
DA:86,48
DA:87,48
DA:89,24
DA:96,24
DA:98,24
DA:99,55
DA:100,28
DA:107,25
DA:109,25
DA:110,50
DA:111,69
DA:116,24
DA:117,24
DA:118,24
DA:119,24
DA:123,23
DA:124,23
DA:125,1
DA:127,46
DA:128,29
DA:129,23
DA:135,46
DA:136,36
DA:137,2
DA:138,2
DA:139,6
DA:145,46
DA:146,18
DA:147,23
DA:148,0
DA:150,46
DA:151,46
DA:158,7
DA:160,14
DA:161,7
DA:162,14
DA:165,7
DA:169,14
LF:68
LH:62
end_of_record
